#
# There is insufficient memory for the Java Runtime Environment to continue.
# Native memory allocation (mmap) failed to map 276824064 bytes for Failed to commit area from 0x0000000097600000 to 0x00000000a7e00000 of length 276824064.
# Possible reasons:
#   The system is out of physical RAM or swap space
#   The process is running with CompressedOops enabled, and the Java Heap may be blocking the growth of the native heap
# Possible solutions:
#   Reduce memory load on the system
#   Increase physical memory or swap space
#   Check if swap backing store is full
#   Decrease Java heap size (-Xmx/-Xms)
#   Decrease number of Java threads
#   Decrease Java thread stack sizes (-Xss)
#   Set larger code cache with -XX:ReservedCodeCacheSize=
#   JVM is running with Unscaled Compressed Oops mode in which the Java heap is
#     placed in the first 4GB address space. The Java Heap base address is the
#     maximum limit for the native heap growth. Please use -XX:HeapBaseMinAddress
#     to set the Java Heap base and to place the Java Heap above 4GB virtual address.
# This output file may be truncated or incomplete.
#
#  Out of Memory Error (./src/hotspot/os/windows/os_windows.cpp:3301), pid=8024, tid=6312
#
# JRE version: OpenJDK Runtime Environment (11.0.11+9) (build 11.0.11+9-b60-7590822)
# Java VM: OpenJDK 64-Bit Server VM (11.0.11+9-b60-7590822, mixed mode, tiered, compressed oops, g1 gc, windows-amd64)
# No core dump will be written. Minidumps are not enabled by default on client versions of Windows
#

---------------  S U M M A R Y ------------

Command Line: --add-opens=java.base/java.util=ALL-UNNAMED --add-opens=java.base/java.lang=ALL-UNNAMED --add-opens=java.base/java.lang.invoke=ALL-UNNAMED --add-opens=java.base/java.util=ALL-UNNAMED --add-opens=java.prefs/java.util.prefs=ALL-UNNAMED --add-opens=java.prefs/java.util.prefs=ALL-UNNAMED --add-opens=java.base/java.nio.charset=ALL-UNNAMED --add-opens=java.base/java.net=ALL-UNNAMED --add-opens=java.base/java.util.concurrent.atomic=ALL-UNNAMED -Xmx2048m -Dfile.encoding=UTF-8 -Duser.country=419 -Duser.language=es -Duser.variant org.gradle.launcher.daemon.bootstrap.GradleDaemon 7.2

Host: Intel(R) Pentium(R) CPU N4200 @ 1.10GHz, 4 cores, 3G,  Windows 10 , 64 bit Build 10586 (10.0.10586.0)
Time: Mon Apr 25 14:05:25 2022 Hora de verano central (México) elapsed time: 3962.164068 seconds (0d 1h 6m 2s)

---------------  T H R E A D  ---------------

Current thread (0x000002507da1d800):  VMThread "VM Thread" [stack: 0x000000cdd4500000,0x000000cdd4600000] [id=6312]

Stack: [0x000000cdd4500000,0x000000cdd4600000]
[error occurred during error reporting (printing stack bounds), id 0xc0000005, EXCEPTION_ACCESS_VIOLATION (0xc0000005) at pc=0x0000025067930f3d]

Native frames: (J=compiled Java code, j=interpreted, Vv=VM code, C=native code)
V  [jvm.dll+0x5f214a]
V  [jvm.dll+0x726fb5]
V  [jvm.dll+0x7285cd]
V  [jvm.dll+0x728be5]
V  [jvm.dll+0x728b9b]
V  [jvm.dll+0x5f14e8]
V  [jvm.dll+0x5f1c78]
C  [ntdll.dll+0xa976d]
C  [ntdll.dll+0x34c19]
C  [ntdll.dll+0xa887a]
C  0x0000025067930f3d

VM_Operation (0x000000cde41fa8f0): G1CollectForAllocation, mode: safepoint, requested by thread 0x000002500a95e000


---------------  P R O C E S S  ---------------

Threads class SMR info:
_java_thread_list=0x00000250049f1a20, length=83, elements={
0x0000025063e2e000, 0x000002507da20800, 0x000002507da29800, 0x000002507e3a3800,
0x000002507da39800, 0x000002507da3a800, 0x000002507da3f000, 0x000002507da44000,
0x000002507da4b800, 0x000002507e4f5800, 0x0000025000585800, 0x000002507ff2e800,
0x000002507fb3e800, 0x000002507da45000, 0x000002507da46800, 0x000002507da48000,
0x000002507da43000, 0x000002507da49800, 0x000002507eab3000, 0x000002507eab7000,
0x000002507eab9000, 0x000002507da47800, 0x0000025004800000, 0x0000025006393800,
0x0000025006392800, 0x0000025006394000, 0x0000025006395000, 0x0000025006398000,
0x0000025006396800, 0x0000025006397800, 0x000002500a957800, 0x000002500a95a000,
0x000002500a95b000, 0x000002500a956000, 0x000002500a958800, 0x000002500a95c000,
0x000002500a95f000, 0x000002500a95c800, 0x000002500a95d800, 0x000002500a95e000,
0x000002500a959800, 0x000002500a964000, 0x000002500a960800, 0x000002500a960000,
0x000002500a961800, 0x000002500a962800, 0x000002500a963000, 0x00000250029e8800,
0x00000250029eb000, 0x00000250029e7800, 0x00000250029e5800, 0x00000250029ec800,
0x00000250029e9800, 0x00000250029e7000, 0x00000250029f1800, 0x00000250029ec000,
0x00000250029f2800, 0x00000250029ed800, 0x00000250029f4000, 0x00000250029ee800,
0x00000250029f3000, 0x00000250029ef000, 0x00000250029f0000, 0x00000250029f0800,
0x0000025004806800, 0x0000025004800800, 0x0000025004803000, 0x0000025004802000,
0x0000025004801800, 0x0000025004808000, 0x0000025004804000, 0x000002500480d000,
0x000002500480d800, 0x000002500480a800, 0x000002507eab4800, 0x000002507eab8000,
0x000002507eab5800, 0x000002507eab2800, 0x000002507da45800, 0x000002507da49000,
0x00000250047ff000, 0x000002500a955000, 0x00000250011b3000
}

Java Threads: ( => current thread )
  0x0000025063e2e000 JavaThread "main" [_thread_blocked, id=5960, stack(0x000000cdd3f00000,0x000000cdd4000000)]
  0x000002507da20800 JavaThread "Reference Handler" daemon [_thread_blocked, id=1312, stack(0x000000cdd4600000,0x000000cdd4700000)]
  0x000002507da29800 JavaThread "Finalizer" daemon [_thread_blocked, id=1716, stack(0x000000cdd4700000,0x000000cdd4800000)]
  0x000002507e3a3800 JavaThread "Signal Dispatcher" daemon [_thread_blocked, id=6932, stack(0x000000cdd4800000,0x000000cdd4900000)]
  0x000002507da39800 JavaThread "Attach Listener" daemon [_thread_blocked, id=1916, stack(0x000000cdd4900000,0x000000cdd4a00000)]
  0x000002507da3a800 JavaThread "Service Thread" daemon [_thread_blocked, id=7656, stack(0x000000cdd4a00000,0x000000cdd4b00000)]
  0x000002507da3f000 JavaThread "C2 CompilerThread0" daemon [_thread_blocked, id=936, stack(0x000000cdd4b00000,0x000000cdd4c00000)]
  0x000002507da44000 JavaThread "C1 CompilerThread0" daemon [_thread_blocked, id=3208, stack(0x000000cdd4c00000,0x000000cdd4d00000)]
  0x000002507da4b800 JavaThread "Sweeper thread" daemon [_thread_blocked, id=7684, stack(0x000000cdd4d00000,0x000000cdd4e00000)]
  0x000002507e4f5800 JavaThread "Common-Cleaner" daemon [_thread_blocked, id=4176, stack(0x000000cdd4e00000,0x000000cdd4f00000)]
  0x0000025000585800 JavaThread "Daemon health stats" [_thread_blocked, id=1360, stack(0x000000cdd5300000,0x000000cdd5400000)]
  0x000002507ff2e800 JavaThread "Incoming local TCP Connector on port 5197" [_thread_in_native, id=3868, stack(0x000000cdd5400000,0x000000cdd5500000)]
  0x000002507fb3e800 JavaThread "Daemon periodic checks" [_thread_blocked, id=8736, stack(0x000000cdd5500000,0x000000cdd5600000)]
  0x000002507da45000 JavaThread "Cache worker for journal cache (D:\Alondra\AndroidStudioProjects\caches\journal-1)" [_thread_blocked, id=7328, stack(0x000000cdd6000000,0x000000cdd6100000)]
  0x000002507da46800 JavaThread "File lock request listener" [_thread_in_native, id=5264, stack(0x000000cdd6100000,0x000000cdd6200000)]
  0x000002507da48000 JavaThread "Cache worker for file hash cache (D:\Alondra\AndroidStudioProjects\caches\7.2\fileHashes)" [_thread_blocked, id=9104, stack(0x000000cdd6200000,0x000000cdd6300000)]
  0x000002507da43000 JavaThread "jar transforms" [_thread_blocked, id=2144, stack(0x000000cdd6700000,0x000000cdd6800000)]
  0x000002507da49800 JavaThread "jar transforms Thread 2" [_thread_blocked, id=1236, stack(0x000000cdd6800000,0x000000cdd6900000)]
  0x000002507eab3000 JavaThread "jar transforms Thread 3" [_thread_blocked, id=6096, stack(0x000000cdd6900000,0x000000cdd6a00000)]
  0x000002507eab7000 JavaThread "jar transforms Thread 4" [_thread_blocked, id=9016, stack(0x000000cdd6a00000,0x000000cdd6b00000)]
  0x000002507eab9000 JavaThread "Cache worker for execution history cache (D:\Alondra\AndroidStudioProjects\caches\7.2\executionHistory)" [_thread_blocked, id=5772, stack(0x000000cdd6e00000,0x000000cdd6f00000)]
  0x000002507da47800 JavaThread "Cache worker for file content cache (D:\Alondra\AndroidStudioProjects\caches\7.2\fileContent)" [_thread_blocked, id=7512, stack(0x000000cdd7000000,0x000000cdd7100000)]
  0x0000025004800000 JavaThread "Memory manager" [_thread_blocked, id=8164, stack(0x000000cdda900000,0x000000cddaa00000)]
  0x0000025006393800 JavaThread "Daemon Thread 4" [_thread_blocked, id=7836, stack(0x000000cde2f00000,0x000000cde3000000)]
  0x0000025006392800 JavaThread "Handler for socket connection from /127.0.0.1:5197 to /127.0.0.1:5264" [_thread_in_native, id=3128, stack(0x000000cde3000000,0x000000cde3100000)]
  0x0000025006394000 JavaThread "Cancel handler" [_thread_blocked, id=9144, stack(0x000000cde3100000,0x000000cde3200000)]
  0x0000025006395000 JavaThread "Daemon worker Thread 4" [_thread_blocked, id=2336, stack(0x000000cde3200000,0x000000cde3300000)]
  0x0000025006398000 JavaThread "Asynchronous log dispatcher for DefaultDaemonConnection: socket connection from /127.0.0.1:5197 to /127.0.0.1:5264" [_thread_blocked, id=3308, stack(0x000000cde3300000,0x000000cde3400000)]
  0x0000025006396800 JavaThread "Daemon client event forwarder" [_thread_blocked, id=3504, stack(0x000000cde3500000,0x000000cde3600000)]
  0x0000025006397800 JavaThread "Cache worker for file hash cache (D:\Alondra\request\.gradle\7.2\fileHashes)" [_thread_blocked, id=6940, stack(0x000000cde3600000,0x000000cde3700000)]
  0x000002500a957800 JavaThread "Cache worker for checksums cache (D:\Alondra\request\.gradle\checksums)" [_thread_blocked, id=6328, stack(0x000000cde3700000,0x000000cde3800000)]
  0x000002500a95a000 JavaThread "Cache worker for cache directory md-supplier (D:\Alondra\AndroidStudioProjects\caches\7.2\md-supplier)" [_thread_blocked, id=620, stack(0x000000cde3800000,0x000000cde3900000)]
  0x000002500a95b000 JavaThread "Cache worker for cache directory md-rule (D:\Alondra\AndroidStudioProjects\caches\7.2\md-rule)" [_thread_blocked, id=4400, stack(0x000000cde3900000,0x000000cde3a00000)]
  0x000002500a956000 JavaThread "Cache worker for dependencies-accessors (D:\Alondra\request\.gradle\7.2\dependencies-accessors)" [_thread_blocked, id=4292, stack(0x000000cde3a00000,0x000000cde3b00000)]
  0x000002500a958800 JavaThread "Cache worker for Build Output Cleanup Cache (D:\Alondra\request\.gradle\buildOutputCleanup)" [_thread_blocked, id=5592, stack(0x000000cde3b00000,0x000000cde3c00000)]
  0x000002500a95c000 JavaThread "Unconstrained build operations" [_thread_blocked, id=7780, stack(0x000000cde3d00000,0x000000cde3e00000)]
  0x000002500a95f000 JavaThread "Unconstrained build operations Thread 2" [_thread_blocked, id=8312, stack(0x000000cde3e00000,0x000000cde3f00000)]
  0x000002500a95c800 JavaThread "Unconstrained build operations Thread 3" [_thread_blocked, id=904, stack(0x000000cde3f00000,0x000000cde4000000)]
  0x000002500a95d800 JavaThread "Unconstrained build operations Thread 4" [_thread_blocked, id=3928, stack(0x000000cde4000000,0x000000cde4100000)]
  0x000002500a95e000 JavaThread "Unconstrained build operations Thread 5" [_thread_blocked, id=5624, stack(0x000000cde4100000,0x000000cde4200000)]
  0x000002500a959800 JavaThread "Unconstrained build operations Thread 6" [_thread_blocked, id=6856, stack(0x000000cde4200000,0x000000cde4300000)]
  0x000002500a964000 JavaThread "Unconstrained build operations Thread 7" [_thread_blocked, id=9024, stack(0x000000cde4300000,0x000000cde4400000)]
  0x000002500a960800 JavaThread "Unconstrained build operations Thread 8" [_thread_blocked, id=5808, stack(0x000000cde4400000,0x000000cde4500000)]
  0x000002500a960000 JavaThread "Unconstrained build operations Thread 9" [_thread_blocked, id=8832, stack(0x000000cde4500000,0x000000cde4600000)]
  0x000002500a961800 JavaThread "Unconstrained build operations Thread 10" [_thread_blocked, id=3952, stack(0x000000cde4600000,0x000000cde4700000)]
  0x000002500a962800 JavaThread "Unconstrained build operations Thread 11" [_thread_blocked, id=5556, stack(0x000000cde4700000,0x000000cde4800000)]
  0x000002500a963000 JavaThread "Unconstrained build operations Thread 12" [_thread_blocked, id=5128, stack(0x000000cde4800000,0x000000cde4900000)]
  0x00000250029e8800 JavaThread "Unconstrained build operations Thread 13" [_thread_blocked, id=6016, stack(0x000000cde4900000,0x000000cde4a00000)]
  0x00000250029eb000 JavaThread "Unconstrained build operations Thread 14" [_thread_blocked, id=8292, stack(0x000000cde4a00000,0x000000cde4b00000)]
  0x00000250029e7800 JavaThread "Unconstrained build operations Thread 15" [_thread_blocked, id=5524, stack(0x000000cde4b00000,0x000000cde4c00000)]
  0x00000250029e5800 JavaThread "Unconstrained build operations Thread 16" [_thread_blocked, id=8, stack(0x000000cde4c00000,0x000000cde4d00000)]
  0x00000250029ec800 JavaThread "Unconstrained build operations Thread 17" [_thread_blocked, id=7412, stack(0x000000cde4d00000,0x000000cde4e00000)]
  0x00000250029e9800 JavaThread "Unconstrained build operations Thread 18" [_thread_blocked, id=8620, stack(0x000000cde4e00000,0x000000cde4f00000)]
  0x00000250029e7000 JavaThread "Unconstrained build operations Thread 19" [_thread_blocked, id=5380, stack(0x000000cde4f00000,0x000000cde5000000)]
  0x00000250029f1800 JavaThread "Unconstrained build operations Thread 20" [_thread_blocked, id=6464, stack(0x000000cde5000000,0x000000cde5100000)]
  0x00000250029ec000 JavaThread "Unconstrained build operations Thread 21" [_thread_blocked, id=1268, stack(0x000000cde5100000,0x000000cde5200000)]
  0x00000250029f2800 JavaThread "Unconstrained build operations Thread 22" [_thread_blocked, id=7812, stack(0x000000cde5200000,0x000000cde5300000)]
  0x00000250029ed800 JavaThread "Unconstrained build operations Thread 23" [_thread_blocked, id=8888, stack(0x000000cde5300000,0x000000cde5400000)]
  0x00000250029f4000 JavaThread "Unconstrained build operations Thread 24" [_thread_blocked, id=7628, stack(0x000000cde5400000,0x000000cde5500000)]
  0x00000250029ee800 JavaThread "Unconstrained build operations Thread 25" [_thread_blocked, id=2160, stack(0x000000cde5500000,0x000000cde5600000)]
  0x00000250029f3000 JavaThread "Unconstrained build operations Thread 26" [_thread_blocked, id=5436, stack(0x000000cde5600000,0x000000cde5700000)]
  0x00000250029ef000 JavaThread "Unconstrained build operations Thread 27" [_thread_blocked, id=7752, stack(0x000000cde5700000,0x000000cde5800000)]
  0x00000250029f0000 JavaThread "Unconstrained build operations Thread 28" [_thread_blocked, id=7636, stack(0x000000cde5800000,0x000000cde5900000)]
  0x00000250029f0800 JavaThread "Unconstrained build operations Thread 29" [_thread_blocked, id=4452, stack(0x000000cde5900000,0x000000cde5a00000)]
  0x0000025004806800 JavaThread "Unconstrained build operations Thread 30" [_thread_blocked, id=420, stack(0x000000cde5a00000,0x000000cde5b00000)]
  0x0000025004800800 JavaThread "Unconstrained build operations Thread 31" [_thread_blocked, id=4984, stack(0x000000cde5b00000,0x000000cde5c00000)]
  0x0000025004803000 JavaThread "Unconstrained build operations Thread 32" [_thread_blocked, id=3584, stack(0x000000cde5c00000,0x000000cde5d00000)]
  0x0000025004802000 JavaThread "Unconstrained build operations Thread 33" [_thread_blocked, id=7608, stack(0x000000cde5d00000,0x000000cde5e00000)]
  0x0000025004801800 JavaThread "Unconstrained build operations Thread 34" [_thread_blocked, id=7340, stack(0x000000cde5e00000,0x000000cde5f00000)]
  0x0000025004808000 JavaThread "Unconstrained build operations Thread 35" [_thread_blocked, id=1948, stack(0x000000cde5f00000,0x000000cde6000000)]
  0x0000025004804000 JavaThread "Unconstrained build operations Thread 36" [_thread_blocked, id=8288, stack(0x000000cde6000000,0x000000cde6100000)]
  0x000002500480d000 JavaThread "Unconstrained build operations Thread 37" [_thread_blocked, id=6252, stack(0x000000cde6100000,0x000000cde6200000)]
  0x000002500480d800 JavaThread "Unconstrained build operations Thread 38" [_thread_blocked, id=8404, stack(0x000000cde6200000,0x000000cde6300000)]
  0x000002500480a800 JavaThread "Unconstrained build operations Thread 39" [_thread_blocked, id=8884, stack(0x000000cde6300000,0x000000cde6400000)]
  0x000002507eab4800 JavaThread "Unconstrained build operations Thread 40" [_thread_blocked, id=4888, stack(0x000000cde6400000,0x000000cde6500000)]
  0x000002507eab8000 JavaThread "build event listener" [_thread_blocked, id=4796, stack(0x000000cde6500000,0x000000cde6600000)]
  0x000002507eab5800 JavaThread "Execution worker for ':'" [_thread_blocked, id=184, stack(0x000000cde6600000,0x000000cde6700000)]
  0x000002507eab2800 JavaThread "Execution worker for ':' Thread 2" [_thread_blocked, id=8652, stack(0x000000cde6700000,0x000000cde6800000)]
  0x000002507da45800 JavaThread "Execution worker for ':' Thread 3" [_thread_blocked, id=4564, stack(0x000000cde6800000,0x000000cde6900000)]
  0x000002507da49000 JavaThread "Cache worker for execution history cache (D:\Alondra\request\.gradle\7.2\executionHistory)" [_thread_blocked, id=7520, stack(0x000000cde6900000,0x000000cde6a00000)]
  0x00000250047ff000 JavaThread "WorkerExecutor Queue Thread 2" [_thread_blocked, id=5360, stack(0x000000cde6b00000,0x000000cde6c00000)]
  0x000002500a955000 JavaThread "WorkerExecutor Queue Thread 5" [_thread_blocked, id=4408, stack(0x000000cde7000000,0x000000cde7100000)]
  0x00000250011b3000 JavaThread "WorkerExecutor Queue Thread 6" [_thread_blocked, id=6584, stack(0x000000cde7100000,0x000000cde7200000)]

Other Threads:
=>0x000002507da1d800 VMThread "VM Thread" [stack: 0x000000cdd4500000,0x000000cdd4600000] [id=6312]
  0x000002507e517000 WatcherThread [stack: 0x000000cdd4f00000,0x000000cdd5000000] [id=8612]
  0x0000025063e46800 GCTaskThread "GC Thread#0" [stack: 0x000000cdd4000000,0x000000cdd4100000] [id=4988]
  0x000002507e89d800 GCTaskThread "GC Thread#1" [stack: 0x000000cdd5100000,0x000000cdd5200000] [id=4524]
  0x000002507fc3e800 GCTaskThread "GC Thread#2" [stack: 0x000000cdd5e00000,0x000000cdd5f00000] [id=2776]
  0x000002507fef2000 GCTaskThread "GC Thread#3" [stack: 0x000000cdd5f00000,0x000000cdd6000000] [id=2672]
  0x0000025063e7a000 ConcurrentGCThread "G1 Main Marker" [stack: 0x000000cdd4100000,0x000000cdd4200000] [id=3276]
  0x0000025063e7b800 ConcurrentGCThread "G1 Conc#0" [stack: 0x000000cdd4200000,0x000000cdd4300000] [id=5284]
  0x0000025063f01000 ConcurrentGCThread "G1 Refine#0" [stack: 0x000000cdd4300000,0x000000cdd4400000] [id=2732]
  0x000002507d870800 ConcurrentGCThread "G1 Young RemSet Sampling" [stack: 0x000000cdd4400000,0x000000cdd4500000] [id=7464]

Threads with active compile tasks:
C2 CompilerThread03962288 28566 %     4       com.android.tools.r8.internal.lH0::a @ 3214 (4225 bytes)

VM state:at safepoint (normal execution)

VM Mutex/Monitor currently owned by a thread:  ([mutex/lock_event])
[0x0000025063e2a0a0] Threads_lock - owner thread: 0x000002507da1d800
[0x0000025063e2a1c0] Heap_lock - owner thread: 0x000002500a95e000

Heap address: 0x0000000080000000, size: 2048 MB, Compressed Oops mode: 32-bit
Narrow klass base: 0x0000000000000000, Narrow klass shift: 3
Compressed class space size: 1073741824 Address: 0x0000000100000000

Heap:
 garbage-first heap   total 653312K, used 224438K [0x0000000080000000, 0x0000000100000000)
  region size 1024K, 14 young (14336K), 14 survivors (14336K)
 Metaspace       used 147658K, capacity 151931K, committed 152212K, reserved 1181696K
  class space    used 18147K, capacity 19671K, committed 19788K, reserved 1048576K
Heap Regions: E=young(eden), S=young(survivor), O=old, HS=humongous(starts), HC=humongous(continues), CS=collection set, F=free, A=archive, TAMS=top-at-mark-start (previous, next)
|   0|0x0000000080000000, 0x0000000080100000, 0x0000000080100000|100%| O|  |TAMS 0x0000000080100000, 0x0000000080000000| Untracked 
|   1|0x0000000080100000, 0x0000000080200000, 0x0000000080200000|100%| O|  |TAMS 0x0000000080200000, 0x0000000080100000| Untracked 
|   2|0x0000000080200000, 0x0000000080300000, 0x0000000080300000|100%| O|  |TAMS 0x0000000080300000, 0x0000000080200000| Complete 
|   3|0x0000000080300000, 0x0000000080400000, 0x0000000080400000|100%|HS|  |TAMS 0x0000000080400000, 0x0000000080300000| Complete 
|   4|0x0000000080400000, 0x0000000080500000, 0x0000000080500000|100%|HC|  |TAMS 0x0000000080500000, 0x0000000080400000| Complete 
|   5|0x0000000080500000, 0x0000000080600000, 0x0000000080600000|100%|HC|  |TAMS 0x0000000080600000, 0x0000000080500000| Complete 
|   6|0x0000000080600000, 0x0000000080700000, 0x0000000080700000|100%| O|  |TAMS 0x0000000080700000, 0x0000000080600000| Untracked 
|   7|0x0000000080700000, 0x0000000080800000, 0x0000000080800000|100%| O|  |TAMS 0x0000000080800000, 0x0000000080700000| Untracked 
|   8|0x0000000080800000, 0x0000000080900000, 0x0000000080900000|100%| O|  |TAMS 0x0000000080900000, 0x0000000080800000| Complete 
|   9|0x0000000080900000, 0x0000000080a00000, 0x0000000080a00000|100%| O|  |TAMS 0x0000000080a00000, 0x0000000080900000| Complete 
|  10|0x0000000080a00000, 0x0000000080b00000, 0x0000000080b00000|100%| O|  |TAMS 0x0000000080b00000, 0x0000000080a00000| Untracked 
|  11|0x0000000080b00000, 0x0000000080c00000, 0x0000000080c00000|100%| O|  |TAMS 0x0000000080c00000, 0x0000000080b00000| Complete 
|  12|0x0000000080c00000, 0x0000000080d00000, 0x0000000080d00000|100%| O|  |TAMS 0x0000000080d00000, 0x0000000080c00000| Untracked 
|  13|0x0000000080d00000, 0x0000000080e00000, 0x0000000080e00000|100%| O|  |TAMS 0x0000000080e00000, 0x0000000080d00000| Untracked 
|  14|0x0000000080e00000, 0x0000000080f00000, 0x0000000080f00000|100%| O|  |TAMS 0x0000000080f00000, 0x0000000080e00000| Complete 
|  15|0x0000000080f00000, 0x0000000081000000, 0x0000000081000000|100%| O|  |TAMS 0x0000000081000000, 0x0000000080f00000| Complete 
|  16|0x0000000081000000, 0x0000000081100000, 0x0000000081100000|100%| O|  |TAMS 0x0000000081100000, 0x0000000081000000| Complete 
|  17|0x0000000081100000, 0x0000000081200000, 0x0000000081200000|100%|HS|  |TAMS 0x0000000081200000, 0x0000000081100000| Complete 
|  18|0x0000000081200000, 0x0000000081300000, 0x0000000081300000|100%|HC|  |TAMS 0x0000000081300000, 0x0000000081200000| Complete 
|  19|0x0000000081300000, 0x0000000081400000, 0x0000000081400000|100%|HS|  |TAMS 0x0000000081400000, 0x0000000081300000| Complete 
|  20|0x0000000081400000, 0x0000000081500000, 0x0000000081500000|100%|HC|  |TAMS 0x0000000081500000, 0x0000000081400000| Complete 
|  21|0x0000000081500000, 0x0000000081600000, 0x0000000081600000|100%|HC|  |TAMS 0x0000000081600000, 0x0000000081500000| Complete 
|  22|0x0000000081600000, 0x0000000081700000, 0x0000000081700000|100%|HS|  |TAMS 0x0000000081700000, 0x0000000081600000| Complete 
|  23|0x0000000081700000, 0x0000000081800000, 0x0000000081800000|100%|HC|  |TAMS 0x0000000081800000, 0x0000000081700000| Complete 
|  24|0x0000000081800000, 0x0000000081900000, 0x0000000081900000|100%|HC|  |TAMS 0x0000000081900000, 0x0000000081800000| Complete 
|  25|0x0000000081900000, 0x0000000081a00000, 0x0000000081a00000|100%|HC|  |TAMS 0x0000000081a00000, 0x0000000081900000| Complete 
|  26|0x0000000081a00000, 0x0000000081b00000, 0x0000000081b00000|100%| O|  |TAMS 0x0000000081b00000, 0x0000000081a00000| Untracked 
|  27|0x0000000081b00000, 0x0000000081c00000, 0x0000000081c00000|100%| O|  |TAMS 0x0000000081c00000, 0x0000000081b00000| Complete 
|  28|0x0000000081c00000, 0x0000000081d00000, 0x0000000081d00000|100%| O|  |TAMS 0x0000000081d00000, 0x0000000081c00000| Complete 
|  29|0x0000000081d00000, 0x0000000081e00000, 0x0000000081e00000|100%| O|  |TAMS 0x0000000081e00000, 0x0000000081d00000| Complete 
|  30|0x0000000081e00000, 0x0000000081f00000, 0x0000000081f00000|100%| O|  |TAMS 0x0000000081f00000, 0x0000000081e00000| Complete 
|  31|0x0000000081f00000, 0x0000000082000000, 0x0000000082000000|100%| O|  |TAMS 0x0000000082000000, 0x0000000081f00000| Complete 
|  32|0x0000000082000000, 0x0000000082100000, 0x0000000082100000|100%| O|  |TAMS 0x0000000082100000, 0x0000000082000000| Complete 
|  33|0x0000000082100000, 0x0000000082200000, 0x0000000082200000|100%| O|  |TAMS 0x0000000082200000, 0x0000000082100000| Complete 
|  34|0x0000000082200000, 0x0000000082300000, 0x0000000082300000|100%| O|  |TAMS 0x0000000082300000, 0x0000000082200000| Untracked 
|  35|0x0000000082300000, 0x0000000082400000, 0x0000000082400000|100%| O|  |TAMS 0x0000000082400000, 0x0000000082300000| Complete 
|  36|0x0000000082400000, 0x0000000082500000, 0x0000000082500000|100%| O|  |TAMS 0x0000000082500000, 0x0000000082400000| Complete 
|  37|0x0000000082500000, 0x0000000082600000, 0x0000000082600000|100%|HS|  |TAMS 0x0000000082600000, 0x0000000082500000| Complete 
|  38|0x0000000082600000, 0x0000000082700000, 0x0000000082700000|100%|HC|  |TAMS 0x0000000082700000, 0x0000000082600000| Complete 
|  39|0x0000000082700000, 0x0000000082800000, 0x0000000082800000|100%|HC|  |TAMS 0x0000000082800000, 0x0000000082700000| Complete 
|  40|0x0000000082800000, 0x0000000082900000, 0x0000000082900000|100%| O|  |TAMS 0x0000000082900000, 0x0000000082800000| Untracked 
|  41|0x0000000082900000, 0x0000000082a00000, 0x0000000082a00000|100%| O|  |TAMS 0x0000000082a00000, 0x0000000082900000| Complete 
|  42|0x0000000082a00000, 0x0000000082b00000, 0x0000000082b00000|100%| O|  |TAMS 0x0000000082b00000, 0x0000000082a00000| Untracked 
|  43|0x0000000082b00000, 0x0000000082c00000, 0x0000000082c00000|100%| O|  |TAMS 0x0000000082c00000, 0x0000000082b00000| Untracked 
|  44|0x0000000082c00000, 0x0000000082d00000, 0x0000000082d00000|100%| O|  |TAMS 0x0000000082d00000, 0x0000000082c00000| Untracked 
|  45|0x0000000082d00000, 0x0000000082e00000, 0x0000000082e00000|100%| O|  |TAMS 0x0000000082e00000, 0x0000000082d00000| Untracked 
|  46|0x0000000082e00000, 0x0000000082f00000, 0x0000000082f00000|100%| O|  |TAMS 0x0000000082f00000, 0x0000000082e00000| Untracked 
|  47|0x0000000082f00000, 0x0000000083000000, 0x0000000083000000|100%| O|  |TAMS 0x0000000083000000, 0x0000000082f00000| Complete 
|  48|0x0000000083000000, 0x0000000083100000, 0x0000000083100000|100%| O|  |TAMS 0x0000000083100000, 0x0000000083000000| Complete 
|  49|0x0000000083100000, 0x0000000083200000, 0x0000000083200000|100%| O|  |TAMS 0x0000000083200000, 0x0000000083100000| Complete 
|  50|0x0000000083200000, 0x0000000083300000, 0x0000000083300000|100%| O|  |TAMS 0x0000000083300000, 0x0000000083200000| Untracked 
|  51|0x0000000083300000, 0x0000000083400000, 0x0000000083400000|100%|HS|  |TAMS 0x0000000083400000, 0x0000000083300000| Complete 
|  52|0x0000000083400000, 0x0000000083500000, 0x0000000083500000|100%|HC|  |TAMS 0x0000000083500000, 0x0000000083400000| Complete 
|  53|0x0000000083500000, 0x0000000083600000, 0x0000000083600000|100%|HC|  |TAMS 0x0000000083600000, 0x0000000083500000| Complete 
|  54|0x0000000083600000, 0x0000000083700000, 0x0000000083700000|100%|HC|  |TAMS 0x0000000083700000, 0x0000000083600000| Complete 
|  55|0x0000000083700000, 0x0000000083800000, 0x0000000083800000|100%| O|  |TAMS 0x0000000083800000, 0x0000000083700000| Untracked 
|  56|0x0000000083800000, 0x0000000083900000, 0x0000000083900000|100%| O|  |TAMS 0x0000000083900000, 0x0000000083800000| Untracked 
|  57|0x0000000083900000, 0x0000000083a00000, 0x0000000083a00000|100%| O|  |TAMS 0x0000000083a00000, 0x0000000083900000| Untracked 
|  58|0x0000000083a00000, 0x0000000083b00000, 0x0000000083b00000|100%| O|  |TAMS 0x0000000083b00000, 0x0000000083a00000| Untracked 
|  59|0x0000000083b00000, 0x0000000083c00000, 0x0000000083c00000|100%| O|  |TAMS 0x0000000083c00000, 0x0000000083b00000| Untracked 
|  60|0x0000000083c00000, 0x0000000083d00000, 0x0000000083d00000|100%| O|  |TAMS 0x0000000083d00000, 0x0000000083c00000| Untracked 
|  61|0x0000000083d00000, 0x0000000083e00000, 0x0000000083e00000|100%| O|  |TAMS 0x0000000083e00000, 0x0000000083d00000| Untracked 
|  62|0x0000000083e00000, 0x0000000083f00000, 0x0000000083f00000|100%| O|  |TAMS 0x0000000083f00000, 0x0000000083e00000| Complete 
|  63|0x0000000083f00000, 0x0000000084000000, 0x0000000084000000|100%|HS|  |TAMS 0x0000000084000000, 0x0000000083f00000| Complete 
|  64|0x0000000084000000, 0x0000000084100000, 0x0000000084100000|100%|HS|  |TAMS 0x0000000084100000, 0x0000000084000000| Complete 
|  65|0x0000000084100000, 0x0000000084200000, 0x0000000084200000|100%| O|  |TAMS 0x0000000084200000, 0x0000000084100000| Untracked 
|  66|0x0000000084200000, 0x0000000084300000, 0x0000000084300000|100%| O|  |TAMS 0x0000000084300000, 0x0000000084200000| Untracked 
|  67|0x0000000084300000, 0x0000000084400000, 0x0000000084400000|100%| O|  |TAMS 0x0000000084400000, 0x0000000084300000| Complete 
|  68|0x0000000084400000, 0x0000000084500000, 0x0000000084500000|100%|HS|  |TAMS 0x0000000084500000, 0x0000000084400000| Complete 
|  69|0x0000000084500000, 0x0000000084600000, 0x0000000084600000|100%|HS|  |TAMS 0x0000000084600000, 0x0000000084500000| Complete 
|  70|0x0000000084600000, 0x0000000084700000, 0x0000000084700000|100%|HS|  |TAMS 0x0000000084700000, 0x0000000084600000| Complete 
|  71|0x0000000084700000, 0x0000000084800000, 0x0000000084800000|100%|HC|  |TAMS 0x0000000084800000, 0x0000000084700000| Complete 
|  72|0x0000000084800000, 0x0000000084900000, 0x0000000084900000|100%|HC|  |TAMS 0x0000000084900000, 0x0000000084800000| Complete 
|  73|0x0000000084900000, 0x0000000084a00000, 0x0000000084a00000|100%|HS|  |TAMS 0x0000000084a00000, 0x0000000084900000| Complete 
|  74|0x0000000084a00000, 0x0000000084b00000, 0x0000000084b00000|100%|HC|  |TAMS 0x0000000084b00000, 0x0000000084a00000| Complete 
|  75|0x0000000084b00000, 0x0000000084c00000, 0x0000000084c00000|100%| O|  |TAMS 0x0000000084c00000, 0x0000000084b00000| Untracked 
|  76|0x0000000084c00000, 0x0000000084d00000, 0x0000000084d00000|100%| O|  |TAMS 0x0000000084d00000, 0x0000000084c00000| Complete 
|  77|0x0000000084d00000, 0x0000000084e00000, 0x0000000084e00000|100%| O|  |TAMS 0x0000000084e00000, 0x0000000084d00000| Untracked 
|  78|0x0000000084e00000, 0x0000000084f00000, 0x0000000084f00000|100%| O|  |TAMS 0x0000000084f00000, 0x0000000084e00000| Untracked 
|  79|0x0000000084f00000, 0x0000000085000000, 0x0000000085000000|100%| O|  |TAMS 0x0000000085000000, 0x0000000084f00000| Complete 
|  80|0x0000000085000000, 0x0000000085100000, 0x0000000085100000|100%| O|  |TAMS 0x0000000085100000, 0x0000000085000000| Untracked 
|  81|0x0000000085100000, 0x0000000085200000, 0x0000000085200000|100%| O|  |TAMS 0x0000000085200000, 0x0000000085100000| Untracked 
|  82|0x0000000085200000, 0x0000000085300000, 0x0000000085300000|100%| O|  |TAMS 0x0000000085300000, 0x0000000085200000| Untracked 
|  83|0x0000000085300000, 0x0000000085400000, 0x0000000085400000|100%| O|  |TAMS 0x0000000085400000, 0x0000000085300000| Untracked 
|  84|0x0000000085400000, 0x0000000085500000, 0x0000000085500000|100%| O|  |TAMS 0x0000000085500000, 0x0000000085400000| Complete 
|  85|0x0000000085500000, 0x0000000085600000, 0x0000000085600000|100%| O|  |TAMS 0x0000000085600000, 0x0000000085500000| Untracked 
|  86|0x0000000085600000, 0x0000000085700000, 0x0000000085700000|100%| O|  |TAMS 0x0000000085700000, 0x0000000085600000| Untracked 
|  87|0x0000000085700000, 0x0000000085800000, 0x0000000085800000|100%| O|  |TAMS 0x0000000085800000, 0x0000000085700000| Untracked 
|  88|0x0000000085800000, 0x0000000085900000, 0x0000000085900000|100%| O|  |TAMS 0x0000000085900000, 0x0000000085800000| Untracked 
|  89|0x0000000085900000, 0x0000000085a00000, 0x0000000085a00000|100%| O|  |TAMS 0x0000000085a00000, 0x0000000085900000| Untracked 
|  90|0x0000000085a00000, 0x0000000085b00000, 0x0000000085b00000|100%| O|  |TAMS 0x0000000085b00000, 0x0000000085a00000| Complete 
|  91|0x0000000085b00000, 0x0000000085c00000, 0x0000000085c00000|100%| O|  |TAMS 0x0000000085c00000, 0x0000000085b00000| Complete 
|  92|0x0000000085c00000, 0x0000000085d00000, 0x0000000085d00000|100%| O|  |TAMS 0x0000000085d00000, 0x0000000085c00000| Untracked 
|  93|0x0000000085d00000, 0x0000000085e00000, 0x0000000085e00000|100%|HS|  |TAMS 0x0000000085e00000, 0x0000000085d00000| Complete 
|  94|0x0000000085e00000, 0x0000000085f00000, 0x0000000085f00000|100%|HC|  |TAMS 0x0000000085f00000, 0x0000000085e00000| Complete 
|  95|0x0000000085f00000, 0x0000000086000000, 0x0000000086000000|100%|HS|  |TAMS 0x0000000086000000, 0x0000000085f00000| Complete 
|  96|0x0000000086000000, 0x0000000086100000, 0x0000000086100000|100%|HC|  |TAMS 0x0000000086100000, 0x0000000086000000| Complete 
|  97|0x0000000086100000, 0x0000000086200000, 0x0000000086200000|100%|HC|  |TAMS 0x0000000086200000, 0x0000000086100000| Complete 
|  98|0x0000000086200000, 0x0000000086300000, 0x0000000086300000|100%|HS|  |TAMS 0x0000000086300000, 0x0000000086200000| Complete 
|  99|0x0000000086300000, 0x0000000086400000, 0x0000000086400000|100%|HC|  |TAMS 0x0000000086400000, 0x0000000086300000| Complete 
| 100|0x0000000086400000, 0x0000000086500000, 0x0000000086500000|100%|HC|  |TAMS 0x0000000086500000, 0x0000000086400000| Complete 
| 101|0x0000000086500000, 0x0000000086600000, 0x0000000086600000|100%|HC|  |TAMS 0x0000000086600000, 0x0000000086500000| Complete 
| 102|0x0000000086600000, 0x0000000086700000, 0x0000000086700000|100%| O|  |TAMS 0x0000000086700000, 0x0000000086600000| Untracked 
| 103|0x0000000086700000, 0x0000000086800000, 0x0000000086800000|100%| O|  |TAMS 0x0000000086800000, 0x0000000086700000| Complete 
| 104|0x0000000086800000, 0x0000000086900000, 0x0000000086900000|100%| O|  |TAMS 0x0000000086900000, 0x0000000086800000| Complete 
| 105|0x0000000086900000, 0x0000000086a00000, 0x0000000086a00000|100%| O|  |TAMS 0x0000000086a00000, 0x0000000086900000| Untracked 
| 106|0x0000000086a00000, 0x0000000086b00000, 0x0000000086b00000|100%| O|  |TAMS 0x0000000086b00000, 0x0000000086a00000| Untracked 
| 107|0x0000000086b00000, 0x0000000086c00000, 0x0000000086c00000|100%| O|  |TAMS 0x0000000086c00000, 0x0000000086b00000| Untracked 
| 108|0x0000000086c00000, 0x0000000086d00000, 0x0000000086d00000|100%| O|  |TAMS 0x0000000086d00000, 0x0000000086c00000| Untracked 
| 109|0x0000000086d00000, 0x0000000086e00000, 0x0000000086e00000|100%| O|  |TAMS 0x0000000086e00000, 0x0000000086d00000| Untracked 
| 110|0x0000000086e00000, 0x0000000086f00000, 0x0000000086f00000|100%| O|  |TAMS 0x0000000086f00000, 0x0000000086e00000| Untracked 
| 111|0x0000000086f00000, 0x0000000087000000, 0x0000000087000000|100%| O|  |TAMS 0x0000000087000000, 0x0000000086f00000| Complete 
| 112|0x0000000087000000, 0x0000000087100000, 0x0000000087100000|100%| O|  |TAMS 0x0000000087100000, 0x0000000087000000| Untracked 
| 113|0x0000000087100000, 0x0000000087200000, 0x0000000087200000|100%| O|  |TAMS 0x0000000087200000, 0x0000000087100000| Untracked 
| 114|0x0000000087200000, 0x0000000087300000, 0x0000000087300000|100%| O|  |TAMS 0x0000000087300000, 0x0000000087200000| Complete 
| 115|0x0000000087300000, 0x0000000087400000, 0x0000000087400000|100%| O|  |TAMS 0x0000000087400000, 0x0000000087300000| Complete 
| 116|0x0000000087400000, 0x0000000087500000, 0x0000000087500000|100%| O|  |TAMS 0x0000000087500000, 0x0000000087400000| Complete 
| 117|0x0000000087500000, 0x0000000087600000, 0x0000000087600000|100%| O|  |TAMS 0x0000000087600000, 0x0000000087500000| Untracked 
| 118|0x0000000087600000, 0x0000000087700000, 0x0000000087700000|100%| O|  |TAMS 0x0000000087700000, 0x0000000087600000| Untracked 
| 119|0x0000000087700000, 0x0000000087800000, 0x0000000087800000|100%| O|  |TAMS 0x0000000087800000, 0x0000000087700000| Complete 
| 120|0x0000000087800000, 0x0000000087900000, 0x0000000087900000|100%| O|  |TAMS 0x0000000087900000, 0x0000000087800000| Untracked 
| 121|0x0000000087900000, 0x0000000087a00000, 0x0000000087a00000|100%| O|  |TAMS 0x0000000087a00000, 0x0000000087900000| Untracked 
| 122|0x0000000087a00000, 0x0000000087b00000, 0x0000000087b00000|100%| O|  |TAMS 0x0000000087b00000, 0x0000000087a00000| Untracked 
| 123|0x0000000087b00000, 0x0000000087c00000, 0x0000000087c00000|100%| O|  |TAMS 0x0000000087c00000, 0x0000000087b00000| Complete 
| 124|0x0000000087c00000, 0x0000000087d00000, 0x0000000087d00000|100%| O|  |TAMS 0x0000000087d00000, 0x0000000087c00000| Complete 
| 125|0x0000000087d00000, 0x0000000087e00000, 0x0000000087e00000|100%| O|  |TAMS 0x0000000087e00000, 0x0000000087d00000| Complete 
| 126|0x0000000087e00000, 0x0000000087f00000, 0x0000000087f00000|100%| O|  |TAMS 0x0000000087f00000, 0x0000000087e00000| Untracked 
| 127|0x0000000087f00000, 0x0000000088000000, 0x0000000088000000|100%| O|  |TAMS 0x0000000088000000, 0x0000000087f00000| Complete 
| 128|0x0000000088000000, 0x0000000088100000, 0x0000000088100000|100%| O|  |TAMS 0x0000000088100000, 0x0000000088000000| Untracked 
| 129|0x0000000088100000, 0x0000000088200000, 0x0000000088200000|100%| O|  |TAMS 0x0000000088200000, 0x0000000088100000| Complete 
| 130|0x0000000088200000, 0x0000000088300000, 0x0000000088300000|100%| O|  |TAMS 0x0000000088300000, 0x0000000088200000| Complete 
| 131|0x0000000088300000, 0x0000000088400000, 0x0000000088400000|100%| O|  |TAMS 0x0000000088400000, 0x0000000088300000| Untracked 
| 132|0x0000000088400000, 0x0000000088500000, 0x0000000088500000|100%| O|  |TAMS 0x0000000088500000, 0x0000000088400000| Untracked 
| 133|0x0000000088500000, 0x0000000088600000, 0x0000000088600000|100%| O|  |TAMS 0x0000000088600000, 0x0000000088500000| Complete 
| 134|0x0000000088600000, 0x0000000088700000, 0x0000000088700000|100%| O|  |TAMS 0x0000000088700000, 0x0000000088600000| Complete 
| 135|0x0000000088700000, 0x0000000088800000, 0x0000000088800000|100%| O|  |TAMS 0x0000000088800000, 0x0000000088700000| Untracked 
| 136|0x0000000088800000, 0x0000000088900000, 0x0000000088900000|100%| O|  |TAMS 0x0000000088900000, 0x0000000088800000| Untracked 
| 137|0x0000000088900000, 0x0000000088a00000, 0x0000000088a00000|100%| O|  |TAMS 0x0000000088a00000, 0x0000000088900000| Untracked 
| 138|0x0000000088a00000, 0x0000000088b00000, 0x0000000088b00000|100%| O|  |TAMS 0x0000000088b00000, 0x0000000088a00000| Untracked 
| 139|0x0000000088b00000, 0x0000000088c00000, 0x0000000088c00000|100%| O|  |TAMS 0x0000000088c00000, 0x0000000088b00000| Complete 
| 140|0x0000000088c00000, 0x0000000088d00000, 0x0000000088d00000|100%| O|  |TAMS 0x0000000088d00000, 0x0000000088c00000| Untracked 
| 141|0x0000000088d00000, 0x0000000088e00000, 0x0000000088e00000|100%| O|  |TAMS 0x0000000088e00000, 0x0000000088d00000| Untracked 
| 142|0x0000000088e00000, 0x0000000088f00000, 0x0000000088f00000|100%| O|  |TAMS 0x0000000088f00000, 0x0000000088e00000| Untracked 
| 143|0x0000000088f00000, 0x0000000089000000, 0x0000000089000000|100%| O|  |TAMS 0x0000000089000000, 0x0000000088f00000| Complete 
| 144|0x0000000089000000, 0x0000000089100000, 0x0000000089100000|100%| O|  |TAMS 0x0000000089100000, 0x0000000089000000| Complete 
| 145|0x0000000089100000, 0x0000000089200000, 0x0000000089200000|100%| O|  |TAMS 0x0000000089200000, 0x0000000089100000| Complete 
| 146|0x0000000089200000, 0x0000000089300000, 0x0000000089300000|100%| O|  |TAMS 0x0000000089300000, 0x0000000089200000| Untracked 
| 147|0x0000000089300000, 0x0000000089400000, 0x0000000089400000|100%| O|  |TAMS 0x0000000089400000, 0x0000000089300000| Untracked 
| 148|0x0000000089400000, 0x0000000089500000, 0x0000000089500000|100%| O|  |TAMS 0x0000000089500000, 0x0000000089400000| Complete 
| 149|0x0000000089500000, 0x0000000089600000, 0x0000000089600000|100%| O|  |TAMS 0x0000000089600000, 0x0000000089500000| Complete 
| 150|0x0000000089600000, 0x0000000089700000, 0x0000000089700000|100%| O|  |TAMS 0x0000000089700000, 0x0000000089600000| Complete 
| 151|0x0000000089700000, 0x0000000089800000, 0x0000000089800000|100%| O|  |TAMS 0x0000000089800000, 0x0000000089700000| Complete 
| 152|0x0000000089800000, 0x0000000089900000, 0x0000000089900000|100%| O|  |TAMS 0x0000000089900000, 0x0000000089800000| Complete 
| 153|0x0000000089900000, 0x0000000089a00000, 0x0000000089a00000|100%| O|  |TAMS 0x0000000089a00000, 0x0000000089900000| Complete 
| 154|0x0000000089a00000, 0x0000000089b00000, 0x0000000089b00000|100%| O|  |TAMS 0x0000000089b00000, 0x0000000089a00000| Complete 
| 155|0x0000000089b00000, 0x0000000089c00000, 0x0000000089c00000|100%| O|  |TAMS 0x0000000089c00000, 0x0000000089b00000| Untracked 
| 156|0x0000000089c00000, 0x0000000089d00000, 0x0000000089d00000|100%| O|  |TAMS 0x0000000089d00000, 0x0000000089c00000| Untracked 
| 157|0x0000000089d00000, 0x0000000089e00000, 0x0000000089e00000|100%| O|  |TAMS 0x0000000089e00000, 0x0000000089d00000| Complete 
| 158|0x0000000089e00000, 0x0000000089f00000, 0x0000000089f00000|100%| O|  |TAMS 0x0000000089f00000, 0x0000000089e00000| Complete 
| 159|0x0000000089f00000, 0x000000008a000000, 0x000000008a000000|100%| O|  |TAMS 0x000000008a000000, 0x0000000089f00000| Complete 
| 160|0x000000008a000000, 0x000000008a100000, 0x000000008a100000|100%| O|  |TAMS 0x000000008a100000, 0x000000008a000000| Complete 
| 161|0x000000008a100000, 0x000000008a200000, 0x000000008a200000|100%| O|  |TAMS 0x000000008a200000, 0x000000008a100000| Complete 
| 162|0x000000008a200000, 0x000000008a300000, 0x000000008a300000|100%| O|  |TAMS 0x000000008a300000, 0x000000008a200000| Complete 
| 163|0x000000008a300000, 0x000000008a400000, 0x000000008a400000|100%| O|  |TAMS 0x000000008a400000, 0x000000008a300000| Complete 
| 164|0x000000008a400000, 0x000000008a500000, 0x000000008a500000|100%| O|  |TAMS 0x000000008a500000, 0x000000008a400000| Complete 
| 165|0x000000008a500000, 0x000000008a600000, 0x000000008a600000|100%| O|  |TAMS 0x000000008a600000, 0x000000008a500000| Complete 
| 166|0x000000008a600000, 0x000000008a700000, 0x000000008a700000|100%| O|  |TAMS 0x000000008a700000, 0x000000008a600000| Untracked 
| 167|0x000000008a700000, 0x000000008a800000, 0x000000008a800000|100%| O|  |TAMS 0x000000008a800000, 0x000000008a700000| Untracked 
| 168|0x000000008a800000, 0x000000008a900000, 0x000000008a900000|100%| O|  |TAMS 0x000000008a900000, 0x000000008a800000| Complete 
| 169|0x000000008a900000, 0x000000008aa00000, 0x000000008aa00000|100%| O|  |TAMS 0x000000008aa00000, 0x000000008a900000| Complete 
| 170|0x000000008aa00000, 0x000000008ab00000, 0x000000008ab00000|100%| O|  |TAMS 0x000000008ab00000, 0x000000008aa00000| Complete 
| 171|0x000000008ab00000, 0x000000008ac00000, 0x000000008ac00000|100%|HS|  |TAMS 0x000000008ac00000, 0x000000008ab00000| Complete 
| 172|0x000000008ac00000, 0x000000008ad00000, 0x000000008ad00000|100%| O|  |TAMS 0x000000008ad00000, 0x000000008ac00000| Complete 
| 173|0x000000008ad00000, 0x000000008ae00000, 0x000000008ae00000|100%| O|  |TAMS 0x000000008ad00000, 0x000000008ad00000| Untracked 
| 174|0x000000008ae00000, 0x000000008af00000, 0x000000008af00000|100%| O|  |TAMS 0x000000008ae00000, 0x000000008ae00000| Untracked 
| 175|0x000000008af00000, 0x000000008b000000, 0x000000008b000000|100%| O|  |TAMS 0x000000008b000000, 0x000000008af00000| Complete 
| 176|0x000000008b000000, 0x000000008b100000, 0x000000008b100000|100%| O|  |TAMS 0x000000008b100000, 0x000000008b000000| Complete 
| 177|0x000000008b100000, 0x000000008b200000, 0x000000008b200000|100%| O|  |TAMS 0x000000008b200000, 0x000000008b100000| Complete 
| 178|0x000000008b200000, 0x000000008b300000, 0x000000008b300000|100%| O|  |TAMS 0x000000008b200000, 0x000000008b200000| Untracked 
| 179|0x000000008b300000, 0x000000008b400000, 0x000000008b400000|100%| O|  |TAMS 0x000000008b400000, 0x000000008b300000| Untracked 
| 180|0x000000008b400000, 0x000000008b500000, 0x000000008b500000|100%| O|  |TAMS 0x000000008b500000, 0x000000008b400000| Complete 
| 181|0x000000008b500000, 0x000000008b600000, 0x000000008b600000|100%| O|  |TAMS 0x000000008b600000, 0x000000008b500000| Untracked 
| 182|0x000000008b600000, 0x000000008b700000, 0x000000008b700000|100%| O|  |TAMS 0x000000008b700000, 0x000000008b600000| Complete 
| 183|0x000000008b700000, 0x000000008b800000, 0x000000008b800000|100%| O|  |TAMS 0x000000008b800000, 0x000000008b700000| Complete 
| 184|0x000000008b800000, 0x000000008b900000, 0x000000008b900000|100%| O|  |TAMS 0x000000008b900000, 0x000000008b800000| Complete 
| 185|0x000000008b900000, 0x000000008ba00000, 0x000000008ba00000|100%| O|  |TAMS 0x000000008b963c00, 0x000000008b900000| Untracked 
| 186|0x000000008ba00000, 0x000000008bb00000, 0x000000008bb00000|100%| O|  |TAMS 0x000000008bb00000, 0x000000008ba00000| Untracked 
| 187|0x000000008bb00000, 0x000000008bc00000, 0x000000008bc00000|100%| O|  |TAMS 0x000000008bc00000, 0x000000008bb00000| Untracked 
| 188|0x000000008bc00000, 0x000000008bd00000, 0x000000008bd00000|100%| O|  |TAMS 0x000000008bd00000, 0x000000008bc00000| Untracked 
| 189|0x000000008bd00000, 0x000000008be00000, 0x000000008be00000|100%| O|  |TAMS 0x000000008be00000, 0x000000008bd00000| Untracked 
| 190|0x000000008be00000, 0x000000008bf00000, 0x000000008bf00000|100%| O|  |TAMS 0x000000008bf00000, 0x000000008be00000| Untracked 
| 191|0x000000008bf00000, 0x000000008c000000, 0x000000008c000000|100%| O|  |TAMS 0x000000008c000000, 0x000000008bf00000| Untracked 
| 192|0x000000008c000000, 0x000000008c100000, 0x000000008c100000|100%| O|  |TAMS 0x000000008c100000, 0x000000008c000000| Untracked 
| 193|0x000000008c100000, 0x000000008c200000, 0x000000008c200000|100%| O|  |TAMS 0x000000008c200000, 0x000000008c100000| Untracked 
| 194|0x000000008c200000, 0x000000008c300000, 0x000000008c300000|100%| O|  |TAMS 0x000000008c200000, 0x000000008c200000| Untracked 
| 195|0x000000008c300000, 0x000000008c400000, 0x000000008c400000|100%| O|  |TAMS 0x000000008c300000, 0x000000008c300000| Untracked 
| 196|0x000000008c400000, 0x000000008c500000, 0x000000008c500000|100%| O|  |TAMS 0x000000008c400000, 0x000000008c400000| Untracked 
| 197|0x000000008c500000, 0x000000008c600000, 0x000000008c600000|100%| O|  |TAMS 0x000000008c500000, 0x000000008c500000| Untracked 
| 198|0x000000008c600000, 0x000000008c700000, 0x000000008c700000|100%| O|  |TAMS 0x000000008c600000, 0x000000008c600000| Untracked 
| 199|0x000000008c700000, 0x000000008c800000, 0x000000008c800000|100%| O|  |TAMS 0x000000008c700000, 0x000000008c700000| Untracked 
| 200|0x000000008c800000, 0x000000008c900000, 0x000000008c900000|100%| O|  |TAMS 0x000000008c800000, 0x000000008c800000| Untracked 
| 201|0x000000008c900000, 0x000000008ca00000, 0x000000008ca00000|100%| O|  |TAMS 0x000000008c900000, 0x000000008c900000| Untracked 
| 202|0x000000008ca00000, 0x000000008cb00000, 0x000000008cb00000|100%| O|  |TAMS 0x000000008ca00000, 0x000000008ca00000| Untracked 
| 203|0x000000008cb00000, 0x000000008cc00000, 0x000000008cc00000|100%| O|  |TAMS 0x000000008cb00000, 0x000000008cb00000| Untracked 
| 204|0x000000008cc00000, 0x000000008cd00000, 0x000000008cd00000|100%| O|  |TAMS 0x000000008cc00000, 0x000000008cc00000| Untracked 
| 205|0x000000008cd00000, 0x000000008cdad800, 0x000000008ce00000| 67%| O|  |TAMS 0x000000008cd00000, 0x000000008cd00000| Untracked 
| 206|0x000000008ce00000, 0x000000008ce00000, 0x000000008cf00000|  0%| F|  |TAMS 0x000000008ce00000, 0x000000008ce00000| Untracked 
| 207|0x000000008cf00000, 0x000000008cf00000, 0x000000008d000000|  0%| F|  |TAMS 0x000000008cf00000, 0x000000008cf00000| Untracked 
| 208|0x000000008d000000, 0x000000008d000000, 0x000000008d100000|  0%| F|  |TAMS 0x000000008d000000, 0x000000008d000000| Untracked 
| 209|0x000000008d100000, 0x000000008d100000, 0x000000008d200000|  0%| F|  |TAMS 0x000000008d100000, 0x000000008d100000| Untracked 
| 210|0x000000008d200000, 0x000000008d200000, 0x000000008d300000|  0%| F|  |TAMS 0x000000008d200000, 0x000000008d200000| Untracked 
| 211|0x000000008d300000, 0x000000008d300000, 0x000000008d400000|  0%| F|  |TAMS 0x000000008d300000, 0x000000008d300000| Untracked 
| 212|0x000000008d400000, 0x000000008d400000, 0x000000008d500000|  0%| F|  |TAMS 0x000000008d400000, 0x000000008d400000| Untracked 
| 213|0x000000008d500000, 0x000000008d500000, 0x000000008d600000|  0%| F|  |TAMS 0x000000008d500000, 0x000000008d500000| Untracked 
| 214|0x000000008d600000, 0x000000008d600000, 0x000000008d700000|  0%| F|  |TAMS 0x000000008d600000, 0x000000008d600000| Untracked 
| 215|0x000000008d700000, 0x000000008d700000, 0x000000008d800000|  0%| F|  |TAMS 0x000000008d700000, 0x000000008d700000| Untracked 
| 216|0x000000008d800000, 0x000000008d800000, 0x000000008d900000|  0%| F|  |TAMS 0x000000008d800000, 0x000000008d800000| Untracked 
| 217|0x000000008d900000, 0x000000008d900000, 0x000000008da00000|  0%| F|  |TAMS 0x000000008d900000, 0x000000008d900000| Untracked 
| 218|0x000000008da00000, 0x000000008da00000, 0x000000008db00000|  0%| F|  |TAMS 0x000000008da00000, 0x000000008da00000| Untracked 
| 219|0x000000008db00000, 0x000000008db00000, 0x000000008dc00000|  0%| F|  |TAMS 0x000000008db00000, 0x000000008db00000| Untracked 
| 220|0x000000008dc00000, 0x000000008dc00000, 0x000000008dd00000|  0%| F|  |TAMS 0x000000008dc00000, 0x000000008dc00000| Untracked 
| 221|0x000000008dd00000, 0x000000008dd00000, 0x000000008de00000|  0%| F|  |TAMS 0x000000008dd00000, 0x000000008dd00000| Untracked 
| 222|0x000000008de00000, 0x000000008de00000, 0x000000008df00000|  0%| F|  |TAMS 0x000000008de00000, 0x000000008de00000| Untracked 
| 223|0x000000008df00000, 0x000000008df00000, 0x000000008e000000|  0%| F|  |TAMS 0x000000008df00000, 0x000000008df00000| Untracked 
| 224|0x000000008e000000, 0x000000008e000000, 0x000000008e100000|  0%| F|  |TAMS 0x000000008e000000, 0x000000008e000000| Untracked 
| 225|0x000000008e100000, 0x000000008e100000, 0x000000008e200000|  0%| F|  |TAMS 0x000000008e100000, 0x000000008e100000| Untracked 
| 226|0x000000008e200000, 0x000000008e200000, 0x000000008e300000|  0%| F|  |TAMS 0x000000008e200000, 0x000000008e200000| Untracked 
| 227|0x000000008e300000, 0x000000008e300000, 0x000000008e400000|  0%| F|  |TAMS 0x000000008e300000, 0x000000008e300000| Untracked 
| 228|0x000000008e400000, 0x000000008e400000, 0x000000008e500000|  0%| F|  |TAMS 0x000000008e400000, 0x000000008e400000| Untracked 
| 229|0x000000008e500000, 0x000000008e500000, 0x000000008e600000|  0%| F|  |TAMS 0x000000008e500000, 0x000000008e500000| Untracked 
| 230|0x000000008e600000, 0x000000008e600000, 0x000000008e700000|  0%| F|  |TAMS 0x000000008e600000, 0x000000008e600000| Untracked 
| 231|0x000000008e700000, 0x000000008e700000, 0x000000008e800000|  0%| F|  |TAMS 0x000000008e700000, 0x000000008e700000| Untracked 
| 232|0x000000008e800000, 0x000000008e800000, 0x000000008e900000|  0%| F|  |TAMS 0x000000008e800000, 0x000000008e800000| Untracked 
| 233|0x000000008e900000, 0x000000008e900000, 0x000000008ea00000|  0%| F|  |TAMS 0x000000008e900000, 0x000000008e900000| Untracked 
| 234|0x000000008ea00000, 0x000000008ea00000, 0x000000008eb00000|  0%| F|  |TAMS 0x000000008ea00000, 0x000000008ea00000| Untracked 
| 235|0x000000008eb00000, 0x000000008eb00000, 0x000000008ec00000|  0%| F|  |TAMS 0x000000008eb00000, 0x000000008eb00000| Untracked 
| 236|0x000000008ec00000, 0x000000008ec00000, 0x000000008ed00000|  0%| F|  |TAMS 0x000000008ec00000, 0x000000008ec00000| Untracked 
| 237|0x000000008ed00000, 0x000000008ed00000, 0x000000008ee00000|  0%| F|  |TAMS 0x000000008ed00000, 0x000000008ed00000| Untracked 
| 238|0x000000008ee00000, 0x000000008ee00000, 0x000000008ef00000|  0%| F|  |TAMS 0x000000008ee00000, 0x000000008ee00000| Untracked 
| 239|0x000000008ef00000, 0x000000008ef00000, 0x000000008f000000|  0%| F|  |TAMS 0x000000008ef00000, 0x000000008ef00000| Untracked 
| 240|0x000000008f000000, 0x000000008f000000, 0x000000008f100000|  0%| F|  |TAMS 0x000000008f000000, 0x000000008f000000| Untracked 
| 241|0x000000008f100000, 0x000000008f100000, 0x000000008f200000|  0%| F|  |TAMS 0x000000008f100000, 0x000000008f100000| Untracked 
| 242|0x000000008f200000, 0x000000008f200000, 0x000000008f300000|  0%| F|  |TAMS 0x000000008f200000, 0x000000008f200000| Untracked 
| 243|0x000000008f300000, 0x000000008f300000, 0x000000008f400000|  0%| F|  |TAMS 0x000000008f300000, 0x000000008f300000| Untracked 
| 244|0x000000008f400000, 0x000000008f400000, 0x000000008f500000|  0%| F|  |TAMS 0x000000008f400000, 0x000000008f400000| Untracked 
| 245|0x000000008f500000, 0x000000008f500000, 0x000000008f600000|  0%| F|  |TAMS 0x000000008f500000, 0x000000008f500000| Untracked 
| 246|0x000000008f600000, 0x000000008f600000, 0x000000008f700000|  0%| F|  |TAMS 0x000000008f600000, 0x000000008f600000| Untracked 
| 247|0x000000008f700000, 0x000000008f700000, 0x000000008f800000|  0%| F|  |TAMS 0x000000008f700000, 0x000000008f700000| Untracked 
| 248|0x000000008f800000, 0x000000008f800000, 0x000000008f900000|  0%| F|  |TAMS 0x000000008f800000, 0x000000008f800000| Untracked 
| 249|0x000000008f900000, 0x000000008f900000, 0x000000008fa00000|  0%| F|  |TAMS 0x000000008f900000, 0x000000008f900000| Untracked 
| 250|0x000000008fa00000, 0x000000008fa00000, 0x000000008fb00000|  0%| F|  |TAMS 0x000000008fa00000, 0x000000008fa00000| Untracked 
| 251|0x000000008fb00000, 0x000000008fb00000, 0x000000008fc00000|  0%| F|  |TAMS 0x000000008fb00000, 0x000000008fb00000| Untracked 
| 252|0x000000008fc00000, 0x000000008fc00000, 0x000000008fd00000|  0%| F|  |TAMS 0x000000008fc00000, 0x000000008fc00000| Untracked 
| 253|0x000000008fd00000, 0x000000008fd00000, 0x000000008fe00000|  0%| F|  |TAMS 0x000000008fd00000, 0x000000008fd00000| Untracked 
| 254|0x000000008fe00000, 0x000000008fe00000, 0x000000008ff00000|  0%| F|  |TAMS 0x000000008fe00000, 0x000000008fe00000| Untracked 
| 255|0x000000008ff00000, 0x000000008ff00000, 0x0000000090000000|  0%| F|  |TAMS 0x000000008ff00000, 0x000000008ff00000| Untracked 
| 256|0x0000000090000000, 0x0000000090000000, 0x0000000090100000|  0%| F|  |TAMS 0x0000000090000000, 0x0000000090000000| Untracked 
| 257|0x0000000090100000, 0x0000000090100000, 0x0000000090200000|  0%| F|  |TAMS 0x0000000090100000, 0x0000000090100000| Untracked 
| 258|0x0000000090200000, 0x0000000090200000, 0x0000000090300000|  0%| F|  |TAMS 0x0000000090200000, 0x0000000090200000| Untracked 
| 259|0x0000000090300000, 0x0000000090300000, 0x0000000090400000|  0%| F|  |TAMS 0x0000000090300000, 0x0000000090300000| Untracked 
| 260|0x0000000090400000, 0x0000000090400000, 0x0000000090500000|  0%| F|  |TAMS 0x0000000090400000, 0x0000000090400000| Untracked 
| 261|0x0000000090500000, 0x0000000090500000, 0x0000000090600000|  0%| F|  |TAMS 0x0000000090500000, 0x0000000090500000| Untracked 
| 262|0x0000000090600000, 0x0000000090680000, 0x0000000090700000| 50%| S|CS|TAMS 0x0000000090600000, 0x0000000090600000| Complete 
| 263|0x0000000090700000, 0x0000000090800000, 0x0000000090800000|100%| S|CS|TAMS 0x0000000090700000, 0x0000000090700000| Complete 
| 264|0x0000000090800000, 0x0000000090900000, 0x0000000090900000|100%| S|CS|TAMS 0x0000000090800000, 0x0000000090800000| Complete 
| 265|0x0000000090900000, 0x0000000090a00000, 0x0000000090a00000|100%| S|CS|TAMS 0x0000000090900000, 0x0000000090900000| Complete 
| 266|0x0000000090a00000, 0x0000000090b00000, 0x0000000090b00000|100%| S|CS|TAMS 0x0000000090a00000, 0x0000000090a00000| Complete 
| 267|0x0000000090b00000, 0x0000000090c00000, 0x0000000090c00000|100%| S|CS|TAMS 0x0000000090b00000, 0x0000000090b00000| Complete 
| 268|0x0000000090c00000, 0x0000000090d00000, 0x0000000090d00000|100%| S|CS|TAMS 0x0000000090c00000, 0x0000000090c00000| Complete 
| 269|0x0000000090d00000, 0x0000000090e00000, 0x0000000090e00000|100%| S|CS|TAMS 0x0000000090d00000, 0x0000000090d00000| Complete 
| 270|0x0000000090e00000, 0x0000000090f00000, 0x0000000090f00000|100%| S|CS|TAMS 0x0000000090e00000, 0x0000000090e00000| Complete 
| 271|0x0000000090f00000, 0x0000000091000000, 0x0000000091000000|100%| S|CS|TAMS 0x0000000090f00000, 0x0000000090f00000| Complete 
| 272|0x0000000091000000, 0x0000000091100000, 0x0000000091100000|100%| S|CS|TAMS 0x0000000091000000, 0x0000000091000000| Complete 
| 273|0x0000000091100000, 0x0000000091200000, 0x0000000091200000|100%| S|CS|TAMS 0x0000000091100000, 0x0000000091100000| Complete 
| 274|0x0000000091200000, 0x0000000091300000, 0x0000000091300000|100%| S|CS|TAMS 0x0000000091200000, 0x0000000091200000| Complete 
| 275|0x0000000091300000, 0x0000000091400000, 0x0000000091400000|100%| S|CS|TAMS 0x0000000091300000, 0x0000000091300000| Complete 
| 276|0x0000000091400000, 0x0000000091400000, 0x0000000091500000|  0%| F|  |TAMS 0x0000000091400000, 0x0000000091400000| Untracked 
| 277|0x0000000091500000, 0x0000000091500000, 0x0000000091600000|  0%| F|  |TAMS 0x0000000091500000, 0x0000000091500000| Untracked 
| 278|0x0000000091600000, 0x0000000091600000, 0x0000000091700000|  0%| F|  |TAMS 0x0000000091600000, 0x0000000091600000| Untracked 
| 279|0x0000000091700000, 0x0000000091700000, 0x0000000091800000|  0%| F|  |TAMS 0x0000000091700000, 0x0000000091700000| Untracked 
| 280|0x0000000091800000, 0x0000000091800000, 0x0000000091900000|  0%| F|  |TAMS 0x0000000091800000, 0x0000000091800000| Untracked 
| 281|0x0000000091900000, 0x0000000091900000, 0x0000000091a00000|  0%| F|  |TAMS 0x0000000091900000, 0x0000000091900000| Untracked 
| 282|0x0000000091a00000, 0x0000000091a00000, 0x0000000091b00000|  0%| F|  |TAMS 0x0000000091a00000, 0x0000000091a00000| Untracked 
| 283|0x0000000091b00000, 0x0000000091b00000, 0x0000000091c00000|  0%| F|  |TAMS 0x0000000091b00000, 0x0000000091b00000| Untracked 
| 284|0x0000000091c00000, 0x0000000091c00000, 0x0000000091d00000|  0%| F|  |TAMS 0x0000000091c00000, 0x0000000091c00000| Untracked 
| 285|0x0000000091d00000, 0x0000000091d00000, 0x0000000091e00000|  0%| F|  |TAMS 0x0000000091d00000, 0x0000000091d00000| Untracked 
| 286|0x0000000091e00000, 0x0000000091e00000, 0x0000000091f00000|  0%| F|  |TAMS 0x0000000091e00000, 0x0000000091e00000| Untracked 
| 287|0x0000000091f00000, 0x0000000091f00000, 0x0000000092000000|  0%| F|  |TAMS 0x0000000091f00000, 0x0000000091f00000| Untracked 
| 288|0x0000000092000000, 0x0000000092000000, 0x0000000092100000|  0%| F|  |TAMS 0x0000000092000000, 0x0000000092000000| Untracked 
| 289|0x0000000092100000, 0x0000000092100000, 0x0000000092200000|  0%| F|  |TAMS 0x0000000092100000, 0x0000000092100000| Untracked 
| 290|0x0000000092200000, 0x0000000092200000, 0x0000000092300000|  0%| F|  |TAMS 0x0000000092200000, 0x0000000092200000| Untracked 
| 291|0x0000000092300000, 0x0000000092300000, 0x0000000092400000|  0%| F|  |TAMS 0x0000000092300000, 0x0000000092300000| Untracked 
| 292|0x0000000092400000, 0x0000000092400000, 0x0000000092500000|  0%| F|  |TAMS 0x0000000092400000, 0x0000000092400000| Untracked 
| 293|0x0000000092500000, 0x0000000092500000, 0x0000000092600000|  0%| F|  |TAMS 0x0000000092500000, 0x0000000092500000| Untracked 
| 294|0x0000000092600000, 0x0000000092600000, 0x0000000092700000|  0%| F|  |TAMS 0x0000000092600000, 0x0000000092600000| Untracked 
| 295|0x0000000092700000, 0x0000000092700000, 0x0000000092800000|  0%| F|  |TAMS 0x0000000092700000, 0x0000000092700000| Untracked 
| 296|0x0000000092800000, 0x0000000092800000, 0x0000000092900000|  0%| F|  |TAMS 0x0000000092800000, 0x0000000092800000| Untracked 
| 297|0x0000000092900000, 0x0000000092900000, 0x0000000092a00000|  0%| F|  |TAMS 0x0000000092900000, 0x0000000092900000| Untracked 
| 298|0x0000000092a00000, 0x0000000092a00000, 0x0000000092b00000|  0%| F|  |TAMS 0x0000000092a00000, 0x0000000092a00000| Untracked 
| 299|0x0000000092b00000, 0x0000000092b00000, 0x0000000092c00000|  0%| F|  |TAMS 0x0000000092b00000, 0x0000000092b00000| Untracked 
| 300|0x0000000092c00000, 0x0000000092c00000, 0x0000000092d00000|  0%| F|  |TAMS 0x0000000092c00000, 0x0000000092c00000| Untracked 
| 301|0x0000000092d00000, 0x0000000092d00000, 0x0000000092e00000|  0%| F|  |TAMS 0x0000000092d00000, 0x0000000092d00000| Untracked 
| 302|0x0000000092e00000, 0x0000000092e00000, 0x0000000092f00000|  0%| F|  |TAMS 0x0000000092e00000, 0x0000000092e00000| Untracked 
| 303|0x0000000092f00000, 0x0000000092f00000, 0x0000000093000000|  0%| F|  |TAMS 0x0000000092f00000, 0x0000000092f00000| Untracked 
| 304|0x0000000093000000, 0x0000000093000000, 0x0000000093100000|  0%| F|  |TAMS 0x0000000093000000, 0x0000000093000000| Untracked 
| 305|0x0000000093100000, 0x0000000093100000, 0x0000000093200000|  0%| F|  |TAMS 0x0000000093100000, 0x0000000093100000| Untracked 
| 306|0x0000000093200000, 0x0000000093200000, 0x0000000093300000|  0%| F|  |TAMS 0x0000000093200000, 0x0000000093200000| Untracked 
| 307|0x0000000093300000, 0x0000000093300000, 0x0000000093400000|  0%| F|  |TAMS 0x0000000093300000, 0x0000000093300000| Untracked 
| 308|0x0000000093400000, 0x0000000093400000, 0x0000000093500000|  0%| F|  |TAMS 0x0000000093400000, 0x0000000093400000| Untracked 
| 309|0x0000000093500000, 0x0000000093500000, 0x0000000093600000|  0%| F|  |TAMS 0x0000000093500000, 0x0000000093500000| Untracked 
| 310|0x0000000093600000, 0x0000000093600000, 0x0000000093700000|  0%| F|  |TAMS 0x0000000093600000, 0x0000000093600000| Untracked 
| 311|0x0000000093700000, 0x0000000093700000, 0x0000000093800000|  0%| F|  |TAMS 0x0000000093700000, 0x0000000093700000| Untracked 
| 312|0x0000000093800000, 0x0000000093800000, 0x0000000093900000|  0%| F|  |TAMS 0x0000000093800000, 0x0000000093800000| Untracked 
| 313|0x0000000093900000, 0x0000000093900000, 0x0000000093a00000|  0%| F|  |TAMS 0x0000000093900000, 0x0000000093900000| Untracked 
| 314|0x0000000093a00000, 0x0000000093a00000, 0x0000000093b00000|  0%| F|  |TAMS 0x0000000093a00000, 0x0000000093a00000| Untracked 
| 315|0x0000000093b00000, 0x0000000093b00000, 0x0000000093c00000|  0%| F|  |TAMS 0x0000000093b00000, 0x0000000093b00000| Untracked 
| 316|0x0000000093c00000, 0x0000000093c00000, 0x0000000093d00000|  0%| F|  |TAMS 0x0000000093c00000, 0x0000000093c00000| Untracked 
| 317|0x0000000093d00000, 0x0000000093d00000, 0x0000000093e00000|  0%| F|  |TAMS 0x0000000093d00000, 0x0000000093d00000| Untracked 
| 318|0x0000000093e00000, 0x0000000093e00000, 0x0000000093f00000|  0%| F|  |TAMS 0x0000000093e00000, 0x0000000093e00000| Untracked 
| 319|0x0000000093f00000, 0x0000000093f00000, 0x0000000094000000|  0%| F|  |TAMS 0x0000000093f00000, 0x0000000093f00000| Untracked 
| 320|0x0000000094000000, 0x0000000094000000, 0x0000000094100000|  0%| F|  |TAMS 0x0000000094000000, 0x0000000094000000| Untracked 
| 321|0x0000000094100000, 0x0000000094100000, 0x0000000094200000|  0%| F|  |TAMS 0x0000000094100000, 0x0000000094100000| Untracked 
| 322|0x0000000094200000, 0x0000000094200000, 0x0000000094300000|  0%| F|  |TAMS 0x0000000094200000, 0x0000000094200000| Untracked 
| 323|0x0000000094300000, 0x0000000094300000, 0x0000000094400000|  0%| F|  |TAMS 0x0000000094300000, 0x0000000094300000| Untracked 
| 324|0x0000000094400000, 0x0000000094400000, 0x0000000094500000|  0%| F|  |TAMS 0x0000000094400000, 0x0000000094400000| Untracked 
| 325|0x0000000094500000, 0x0000000094500000, 0x0000000094600000|  0%| F|  |TAMS 0x0000000094500000, 0x0000000094500000| Untracked 
| 326|0x0000000094600000, 0x0000000094600000, 0x0000000094700000|  0%| F|  |TAMS 0x0000000094600000, 0x0000000094600000| Untracked 
| 327|0x0000000094700000, 0x0000000094700000, 0x0000000094800000|  0%| F|  |TAMS 0x0000000094700000, 0x0000000094700000| Untracked 
| 328|0x0000000094800000, 0x0000000094800000, 0x0000000094900000|  0%| F|  |TAMS 0x0000000094800000, 0x0000000094800000| Untracked 
| 329|0x0000000094900000, 0x0000000094900000, 0x0000000094a00000|  0%| F|  |TAMS 0x0000000094900000, 0x0000000094900000| Untracked 
| 330|0x0000000094a00000, 0x0000000094a00000, 0x0000000094b00000|  0%| F|  |TAMS 0x0000000094a00000, 0x0000000094a00000| Untracked 
| 331|0x0000000094b00000, 0x0000000094b00000, 0x0000000094c00000|  0%| F|  |TAMS 0x0000000094b00000, 0x0000000094b00000| Untracked 
| 332|0x0000000094c00000, 0x0000000094c00000, 0x0000000094d00000|  0%| F|  |TAMS 0x0000000094c00000, 0x0000000094c00000| Untracked 
| 333|0x0000000094d00000, 0x0000000094d00000, 0x0000000094e00000|  0%| F|  |TAMS 0x0000000094d00000, 0x0000000094d00000| Untracked 
| 334|0x0000000094e00000, 0x0000000094e00000, 0x0000000094f00000|  0%| F|  |TAMS 0x0000000094e00000, 0x0000000094e00000| Untracked 
| 335|0x0000000094f00000, 0x0000000094f00000, 0x0000000095000000|  0%| F|  |TAMS 0x0000000094f00000, 0x0000000094f00000| Untracked 
| 336|0x0000000095000000, 0x0000000095000000, 0x0000000095100000|  0%| F|  |TAMS 0x0000000095000000, 0x0000000095000000| Untracked 
| 337|0x0000000095100000, 0x0000000095100000, 0x0000000095200000|  0%| F|  |TAMS 0x0000000095100000, 0x0000000095100000| Untracked 
| 338|0x0000000095200000, 0x0000000095200000, 0x0000000095300000|  0%| F|  |TAMS 0x0000000095200000, 0x0000000095200000| Untracked 
| 339|0x0000000095300000, 0x0000000095300000, 0x0000000095400000|  0%| F|  |TAMS 0x0000000095300000, 0x0000000095300000| Untracked 
| 340|0x0000000095400000, 0x0000000095400000, 0x0000000095500000|  0%| F|  |TAMS 0x0000000095400000, 0x0000000095400000| Untracked 
| 341|0x0000000095500000, 0x0000000095500000, 0x0000000095600000|  0%| F|  |TAMS 0x0000000095500000, 0x0000000095500000| Untracked 
| 342|0x0000000095600000, 0x0000000095600000, 0x0000000095700000|  0%| F|  |TAMS 0x0000000095600000, 0x0000000095600000| Untracked 
| 343|0x0000000095700000, 0x0000000095700000, 0x0000000095800000|  0%| F|  |TAMS 0x0000000095700000, 0x0000000095700000| Untracked 
| 344|0x0000000095800000, 0x0000000095800000, 0x0000000095900000|  0%| F|  |TAMS 0x0000000095800000, 0x0000000095800000| Untracked 
| 345|0x0000000095900000, 0x0000000095900000, 0x0000000095a00000|  0%| F|  |TAMS 0x0000000095900000, 0x0000000095900000| Untracked 
| 346|0x0000000095a00000, 0x0000000095a00000, 0x0000000095b00000|  0%| F|  |TAMS 0x0000000095a00000, 0x0000000095a00000| Untracked 
| 347|0x0000000095b00000, 0x0000000095b00000, 0x0000000095c00000|  0%| F|  |TAMS 0x0000000095b00000, 0x0000000095b00000| Untracked 
| 348|0x0000000095c00000, 0x0000000095c00000, 0x0000000095d00000|  0%| F|  |TAMS 0x0000000095c00000, 0x0000000095c00000| Untracked 
| 349|0x0000000095d00000, 0x0000000095d00000, 0x0000000095e00000|  0%| F|  |TAMS 0x0000000095d00000, 0x0000000095d00000| Untracked 
| 350|0x0000000095e00000, 0x0000000095e00000, 0x0000000095f00000|  0%| F|  |TAMS 0x0000000095e00000, 0x0000000095e00000| Untracked 
| 351|0x0000000095f00000, 0x0000000095f00000, 0x0000000096000000|  0%| F|  |TAMS 0x0000000095f00000, 0x0000000095f00000| Untracked 
| 352|0x0000000096000000, 0x0000000096000000, 0x0000000096100000|  0%| F|  |TAMS 0x0000000096000000, 0x0000000096000000| Untracked 
| 353|0x0000000096100000, 0x0000000096100000, 0x0000000096200000|  0%| F|  |TAMS 0x0000000096100000, 0x0000000096100000| Untracked 
| 354|0x0000000096200000, 0x0000000096200000, 0x0000000096300000|  0%| F|  |TAMS 0x0000000096200000, 0x0000000096200000| Untracked 
| 355|0x0000000096300000, 0x0000000096300000, 0x0000000096400000|  0%| F|  |TAMS 0x0000000096300000, 0x0000000096300000| Untracked 
| 356|0x0000000096400000, 0x0000000096400000, 0x0000000096500000|  0%| F|  |TAMS 0x0000000096400000, 0x0000000096400000| Untracked 
| 357|0x0000000096500000, 0x0000000096500000, 0x0000000096600000|  0%| F|  |TAMS 0x0000000096500000, 0x0000000096500000| Untracked 
| 358|0x0000000096600000, 0x0000000096600000, 0x0000000096700000|  0%| F|  |TAMS 0x0000000096600000, 0x0000000096600000| Untracked 
| 359|0x0000000096700000, 0x0000000096700000, 0x0000000096800000|  0%| F|  |TAMS 0x0000000096700000, 0x0000000096700000| Untracked 
| 360|0x0000000096800000, 0x0000000096800000, 0x0000000096900000|  0%| F|  |TAMS 0x0000000096800000, 0x0000000096800000| Untracked 
| 361|0x0000000096900000, 0x0000000096900000, 0x0000000096a00000|  0%| F|  |TAMS 0x0000000096900000, 0x0000000096900000| Untracked 
| 362|0x0000000096a00000, 0x0000000096a00000, 0x0000000096b00000|  0%| F|  |TAMS 0x0000000096a00000, 0x0000000096a00000| Untracked 
| 363|0x0000000096b00000, 0x0000000096b00000, 0x0000000096c00000|  0%| F|  |TAMS 0x0000000096b00000, 0x0000000096b00000| Untracked 
| 364|0x0000000096c00000, 0x0000000096c00000, 0x0000000096d00000|  0%| F|  |TAMS 0x0000000096c00000, 0x0000000096c00000| Untracked 
| 365|0x0000000096d00000, 0x0000000096d00000, 0x0000000096e00000|  0%| F|  |TAMS 0x0000000096d00000, 0x0000000096d00000| Untracked 
| 366|0x0000000096e00000, 0x0000000096e00000, 0x0000000096f00000|  0%| F|  |TAMS 0x0000000096e00000, 0x0000000096e00000| Untracked 
| 367|0x0000000096f00000, 0x0000000096f00000, 0x0000000097000000|  0%| F|  |TAMS 0x0000000096f00000, 0x0000000096f00000| Untracked 
| 368|0x0000000097000000, 0x0000000097000000, 0x0000000097100000|  0%| F|  |TAMS 0x0000000097000000, 0x0000000097000000| Untracked 
| 369|0x0000000097100000, 0x0000000097100000, 0x0000000097200000|  0%| F|  |TAMS 0x0000000097100000, 0x0000000097100000| Untracked 
| 370|0x0000000097200000, 0x0000000097200000, 0x0000000097300000|  0%| F|  |TAMS 0x0000000097200000, 0x0000000097200000| Untracked 
| 371|0x0000000097300000, 0x0000000097300000, 0x0000000097400000|  0%| F|  |TAMS 0x0000000097300000, 0x0000000097300000| Untracked 
| 372|0x0000000097400000, 0x0000000097400000, 0x0000000097500000|  0%| F|  |TAMS 0x0000000097400000, 0x0000000097400000| Untracked 
| 373|0x0000000097500000, 0x0000000097500000, 0x0000000097600000|  0%| F|  |TAMS 0x0000000097500000, 0x0000000097500000| Untracked 

Card table byte_map: [0x0000025076d30000,0x0000025077130000] _byte_map_base: 0x0000025076930000

Marking Bits (Prev, Next): (CMBitMap*) 0x0000025063e713d8, (CMBitMap*) 0x0000025063e71410
 Prev Bits: [0x0000025077530000, 0x0000025079530000)
 Next Bits: [0x0000025079530000, 0x000002507b530000)

Polling page: 0x0000025061cc0000

Metaspace:

Usage:
  Non-class:    129.16 MB capacity,   126.48 MB ( 98%) used,     2.20 MB (  2%) free+waste,   495.75 KB ( <1%) overhead. 
      Class:     19.21 MB capacity,    17.72 MB ( 92%) used,     1.28 MB (  7%) free+waste,   214.69 KB (  1%) overhead. 
       Both:    148.37 MB capacity,   144.20 MB ( 97%) used,     3.48 MB (  2%) free+waste,   710.44 KB ( <1%) overhead. 

Virtual space:
  Non-class space:      130.00 MB reserved,     129.32 MB (>99%) committed 
      Class space:        1.00 GB reserved,      19.32 MB (  2%) committed 
             Both:        1.13 GB reserved,     148.64 MB ( 13%) committed 

Chunk freelists:
   Non-Class:  36.00 KB
       Class:  41.00 KB
        Both:  77.00 KB

MaxMetaspaceSize: 17179869184.00 GB
CompressedClassSpaceSize: 1.00 GB

CodeHeap 'non-profiled nmethods': size=120064Kb used=18700Kb max_used=18700Kb free=101363Kb
 bounds [0x000002506f3f0000, 0x0000025070640000, 0x0000025076930000]
CodeHeap 'profiled nmethods': size=120000Kb used=57801Kb max_used=57801Kb free=62198Kb
 bounds [0x0000025067ec0000, 0x000002506b760000, 0x000002506f3f0000]
CodeHeap 'non-nmethods': size=5696Kb used=2385Kb max_used=2460Kb free=3310Kb
 bounds [0x0000025067930000, 0x0000025067bb0000, 0x0000025067ec0000]
 total_blobs=25838 nmethods=24806 adapters=943
 compilation: enabled
              stopped_count=0, restarted_count=0
 full_count=0

Compilation events (20 events):
Event: 3961.687 Thread 0x000002507da44000 28579       2       com.android.tools.r8.code.Q1::H (4 bytes)
Event: 3961.688 Thread 0x000002507da44000 nmethod 28579 0x000002506b751090 code [0x000002506b751240, 0x000002506b751338]
Event: 3961.707 Thread 0x000002507da44000 28581       2       com.android.tools.r8.code.V::a (1 bytes)
Event: 3961.707 Thread 0x000002507da44000 nmethod 28581 0x000002506b751410 code [0x000002506b7515c0, 0x000002506b7516b8]
Event: 3961.811 Thread 0x000002507da44000 28585       2       com.android.tools.r8.code.B1::a (1 bytes)
Event: 3961.812 Thread 0x000002507da44000 nmethod 28585 0x000002506b751790 code [0x000002506b751940, 0x000002506b751a38]
Event: 3961.813 Thread 0x000002507da44000 28586       2       com.android.tools.r8.code.v2::a (1 bytes)
Event: 3961.813 Thread 0x000002507da44000 nmethod 28586 0x000002506b751b10 code [0x000002506b751cc0, 0x000002506b751db8]
Event: 3961.816 Thread 0x000002507da44000 28587       2       com.android.tools.r8.code.m2::a (1 bytes)
Event: 3961.816 Thread 0x000002507da44000 nmethod 28587 0x000002506b751e90 code [0x000002506b752040, 0x000002506b752138]
Event: 3961.819 Thread 0x000002507da44000 28590       2       com.android.tools.r8.code.e::a (1 bytes)
Event: 3961.820 Thread 0x000002507da44000 nmethod 28590 0x000002506b752210 code [0x000002506b7523c0, 0x000002506b7524b8]
Event: 3961.824 Thread 0x000002507da44000 28591       2       com.android.tools.r8.code.x::a (1 bytes)
Event: 3961.824 Thread 0x000002507da44000 nmethod 28591 0x000002506b752590 code [0x000002506b752740, 0x000002506b752838]
Event: 3961.856 Thread 0x000002507da44000 28596       2       com.android.tools.r8.code.Q3::a (1 bytes)
Event: 3961.856 Thread 0x000002507da44000 nmethod 28596 0x000002506b752910 code [0x000002506b752ac0, 0x000002506b752bb8]
Event: 3961.861 Thread 0x000002507da44000 28597       2       com.android.tools.r8.code.c::a (1 bytes)
Event: 3961.862 Thread 0x000002507da44000 nmethod 28597 0x000002506b752c90 code [0x000002506b752e40, 0x000002506b752f38]
Event: 3961.875 Thread 0x000002507da44000 28598       2       com.android.tools.r8.code.T::a (1 bytes)
Event: 3961.875 Thread 0x000002507da44000 nmethod 28598 0x000002506b753010 code [0x000002506b7531c0, 0x000002506b7532b8]

GC Heap History (20 events):
Event: 3951.402 GC heap after
{Heap after GC invocations=243 (full 0):
 garbage-first heap   total 318464K, used 182251K [0x0000000080000000, 0x0000000100000000)
  region size 1024K, 2 young (2048K), 2 survivors (2048K)
 Metaspace       used 147148K, capacity 151332K, committed 151700K, reserved 1181696K
  class space    used 18086K, capacity 19572K, committed 19788K, reserved 1048576K
}
Event: 3952.749 GC heap before
{Heap before GC invocations=244 (full 0):
 garbage-first heap   total 318464K, used 275435K [0x0000000080000000, 0x0000000100000000)
  region size 1024K, 93 young (95232K), 2 survivors (2048K)
 Metaspace       used 147151K, capacity 151332K, committed 151700K, reserved 1181696K
  class space    used 18086K, capacity 19572K, committed 19788K, reserved 1048576K
}
Event: 3952.822 GC heap after
{Heap after GC invocations=245 (full 0):
 garbage-first heap   total 382976K, used 183305K [0x0000000080000000, 0x0000000100000000)
  region size 1024K, 3 young (3072K), 3 survivors (3072K)
 Metaspace       used 147151K, capacity 151332K, committed 151700K, reserved 1181696K
  class space    used 18086K, capacity 19572K, committed 19788K, reserved 1048576K
}
Event: 3952.991 GC heap before
{Heap before GC invocations=245 (full 0):
 garbage-first heap   total 382976K, used 198665K [0x0000000080000000, 0x0000000100000000)
  region size 1024K, 18 young (18432K), 3 survivors (3072K)
 Metaspace       used 147151K, capacity 151332K, committed 151700K, reserved 1181696K
  class space    used 18086K, capacity 19572K, committed 19788K, reserved 1048576K
}
Event: 3953.001 GC heap after
{Heap after GC invocations=246 (full 0):
 garbage-first heap   total 382976K, used 182768K [0x0000000080000000, 0x0000000100000000)
  region size 1024K, 2 young (2048K), 2 survivors (2048K)
 Metaspace       used 147151K, capacity 151332K, committed 151700K, reserved 1181696K
  class space    used 18086K, capacity 19572K, committed 19788K, reserved 1048576K
}
Event: 3954.523 GC heap before
{Heap before GC invocations=246 (full 0):
 garbage-first heap   total 382976K, used 306672K [0x0000000080000000, 0x0000000100000000)
  region size 1024K, 123 young (125952K), 2 survivors (2048K)
 Metaspace       used 147156K, capacity 151333K, committed 151700K, reserved 1181696K
  class space    used 18086K, capacity 19572K, committed 19788K, reserved 1048576K
}
Event: 3954.533 GC heap after
{Heap after GC invocations=247 (full 0):
 garbage-first heap   total 382976K, used 183256K [0x0000000080000000, 0x0000000100000000)
  region size 1024K, 2 young (2048K), 2 survivors (2048K)
 Metaspace       used 147156K, capacity 151333K, committed 151700K, reserved 1181696K
  class space    used 18086K, capacity 19572K, committed 19788K, reserved 1048576K
}
Event: 3956.826 GC heap before
{Heap before GC invocations=248 (full 0):
 garbage-first heap   total 382976K, used 327640K [0x0000000080000000, 0x0000000100000000)
  region size 1024K, 143 young (146432K), 2 survivors (2048K)
 Metaspace       used 147401K, capacity 151687K, committed 151956K, reserved 1181696K
  class space    used 18133K, capacity 19648K, committed 19788K, reserved 1048576K
}
Event: 3956.853 GC heap after
{Heap after GC invocations=249 (full 0):
 garbage-first heap   total 382976K, used 184340K [0x0000000080000000, 0x0000000100000000)
  region size 1024K, 3 young (3072K), 3 survivors (3072K)
 Metaspace       used 147401K, capacity 151687K, committed 151956K, reserved 1181696K
  class space    used 18133K, capacity 19648K, committed 19788K, reserved 1048576K
}
Event: 3957.072 GC heap before
{Heap before GC invocations=249 (full 0):
 garbage-first heap   total 382976K, used 199700K [0x0000000080000000, 0x0000000100000000)
  region size 1024K, 18 young (18432K), 3 survivors (3072K)
 Metaspace       used 147487K, capacity 151811K, committed 151956K, reserved 1181696K
  class space    used 18143K, capacity 19665K, committed 19788K, reserved 1048576K
}
Event: 3957.090 GC heap after
{Heap after GC invocations=250 (full 0):
 garbage-first heap   total 382976K, used 184573K [0x0000000080000000, 0x0000000100000000)
  region size 1024K, 3 young (3072K), 3 survivors (3072K)
 Metaspace       used 147487K, capacity 151811K, committed 151956K, reserved 1181696K
  class space    used 18143K, capacity 19665K, committed 19788K, reserved 1048576K
}
Event: 3957.461 GC heap before
{Heap before GC invocations=250 (full 0):
 garbage-first heap   total 382976K, used 217341K [0x0000000080000000, 0x0000000100000000)
  region size 1024K, 36 young (36864K), 3 survivors (3072K)
 Metaspace       used 147542K, capacity 151821K, committed 151956K, reserved 1181696K
  class space    used 18143K, capacity 19665K, committed 19788K, reserved 1048576K
}
Event: 3957.478 GC heap after
{Heap after GC invocations=251 (full 0):
 garbage-first heap   total 382976K, used 186745K [0x0000000080000000, 0x0000000100000000)
  region size 1024K, 5 young (5120K), 5 survivors (5120K)
 Metaspace       used 147542K, capacity 151821K, committed 151956K, reserved 1181696K
  class space    used 18143K, capacity 19665K, committed 19788K, reserved 1048576K
}
Event: 3959.264 GC heap before
{Heap before GC invocations=252 (full 0):
 garbage-first heap   total 382976K, used 331129K [0x0000000080000000, 0x0000000100000000)
  region size 1024K, 143 young (146432K), 5 survivors (5120K)
 Metaspace       used 147634K, capacity 151930K, committed 152212K, reserved 1181696K
  class space    used 18147K, capacity 19671K, committed 19788K, reserved 1048576K
}
Event: 3959.329 GC heap after
{Heap after GC invocations=253 (full 0):
 garbage-first heap   total 382976K, used 199706K [0x0000000080000000, 0x0000000100000000)
  region size 1024K, 16 young (16384K), 16 survivors (16384K)
 Metaspace       used 147634K, capacity 151930K, committed 152212K, reserved 1181696K
  class space    used 18147K, capacity 19671K, committed 19788K, reserved 1048576K
}
Event: 3959.351 GC heap before
{Heap before GC invocations=253 (full 0):
 garbage-first heap   total 382976K, used 201754K [0x0000000080000000, 0x0000000100000000)
  region size 1024K, 18 young (18432K), 16 survivors (16384K)
 Metaspace       used 147634K, capacity 151930K, committed 152212K, reserved 1181696K
  class space    used 18147K, capacity 19671K, committed 19788K, reserved 1048576K
}
Event: 3959.421 GC heap after
{Heap after GC invocations=254 (full 0):
 garbage-first heap   total 382976K, used 195626K [0x0000000080000000, 0x0000000100000000)
  region size 1024K, 2 young (2048K), 2 survivors (2048K)
 Metaspace       used 147634K, capacity 151930K, committed 152212K, reserved 1181696K
  class space    used 18147K, capacity 19671K, committed 19788K, reserved 1048576K
}
Event: 3960.419 GC heap before
{Heap before GC invocations=254 (full 0):
 garbage-first heap   total 382976K, used 319530K [0x0000000080000000, 0x0000000100000000)
  region size 1024K, 123 young (125952K), 2 survivors (2048K)
 Metaspace       used 147646K, capacity 151931K, committed 152212K, reserved 1181696K
  class space    used 18147K, capacity 19671K, committed 19788K, reserved 1048576K
}
Event: 3960.551 GC heap after
{Heap after GC invocations=255 (full 0):
 garbage-first heap   total 382976K, used 214415K [0x0000000080000000, 0x0000000100000000)
  region size 1024K, 16 young (16384K), 16 survivors (16384K)
 Metaspace       used 147646K, capacity 151931K, committed 152212K, reserved 1181696K
  class space    used 18147K, capacity 19671K, committed 19788K, reserved 1048576K
}
Event: 3961.894 GC heap before
{Heap before GC invocations=256 (full 0):
 garbage-first heap   total 382976K, used 311695K [0x0000000080000000, 0x0000000100000000)
  region size 1024K, 114 young (116736K), 16 survivors (16384K)
 Metaspace       used 147658K, capacity 151931K, committed 152212K, reserved 1181696K
  class space    used 18147K, capacity 19671K, committed 19788K, reserved 1048576K
}

Deoptimization events (20 events):
Event: 3961.308 Thread 0x00000250029f3000 DEOPT PACKING pc=0x000002506b70fe98 sp=0x000000cde56f9400
Event: 3961.308 Thread 0x00000250029f3000 DEOPT UNPACKING pc=0x00000250679566bf sp=0x000000cde56f8b90 mode 0
Event: 3961.340 Thread 0x00000250029f3000 DEOPT PACKING pc=0x000002506b70feb9 sp=0x000000cde56f9400
Event: 3961.340 Thread 0x00000250029f3000 DEOPT UNPACKING pc=0x00000250679566bf sp=0x000000cde56f8b90 mode 0
Event: 3961.426 Thread 0x00000250029f3000 DEOPT PACKING pc=0x000002506b70fe98 sp=0x000000cde56f9400
Event: 3961.427 Thread 0x00000250029f3000 DEOPT UNPACKING pc=0x00000250679566bf sp=0x000000cde56f8b90 mode 0
Event: 3961.457 Thread 0x000002500a95e000 DEOPT PACKING pc=0x000002506b446c2a sp=0x000000cde41facd0
Event: 3961.457 Thread 0x000002500a95e000 DEOPT UNPACKING pc=0x00000250679566bf sp=0x000000cde41fa240 mode 0
Event: 3961.499 Thread 0x00000250029f3000 DEOPT PACKING pc=0x000002506b70fe56 sp=0x000000cde56f9400
Event: 3961.499 Thread 0x00000250029f3000 DEOPT UNPACKING pc=0x00000250679566bf sp=0x000000cde56f8b90 mode 0
Event: 3961.511 Thread 0x00000250029f3000 DEOPT PACKING pc=0x000002506b70feb9 sp=0x000000cde56f9400
Event: 3961.511 Thread 0x00000250029f3000 DEOPT UNPACKING pc=0x00000250679566bf sp=0x000000cde56f8b90 mode 0
Event: 3961.624 Thread 0x00000250029f3000 DEOPT PACKING pc=0x000002506b70feb9 sp=0x000000cde56f9400
Event: 3961.624 Thread 0x00000250029f3000 DEOPT UNPACKING pc=0x00000250679566bf sp=0x000000cde56f8b90 mode 0
Event: 3961.831 Thread 0x00000250029f3000 DEOPT PACKING pc=0x000002506b710cd6 sp=0x000000cde56f9400
Event: 3961.831 Thread 0x00000250029f3000 DEOPT UNPACKING pc=0x00000250679566bf sp=0x000000cde56f8b90 mode 0
Event: 3961.876 Thread 0x00000250029f3000 DEOPT PACKING pc=0x000002506b70fe77 sp=0x000000cde56f9400
Event: 3961.876 Thread 0x00000250029f3000 DEOPT UNPACKING pc=0x00000250679566bf sp=0x000000cde56f8b90 mode 0
Event: 3961.886 Thread 0x00000250029f3000 DEOPT PACKING pc=0x000002506b70fe35 sp=0x000000cde56f9400
Event: 3961.886 Thread 0x00000250029f3000 DEOPT UNPACKING pc=0x00000250679566bf sp=0x000000cde56f8b90 mode 0

Classes redefined (0 events):
No events

Internal exceptions (20 events):
Event: 3945.432 Thread 0x00000250029eb000 Exception <a 'sun/nio/fs/WindowsException'{0x000000008f9daad0}> (0x000000008f9daad0) thrown at [./src/hotspot/share/prims/jni.cpp, line 615]
Event: 3945.521 Thread 0x00000250029eb000 Exception <a 'sun/nio/fs/WindowsException'{0x000000008ecfd2b8}> (0x000000008ecfd2b8) thrown at [./src/hotspot/share/prims/jni.cpp, line 615]
Event: 3945.744 Thread 0x00000250029eb000 Exception <a 'sun/nio/fs/WindowsException'{0x0000000093624cd8}> (0x0000000093624cd8) thrown at [./src/hotspot/share/prims/jni.cpp, line 615]
Event: 3946.258 Thread 0x00000250029eb000 Exception <a 'sun/nio/fs/WindowsException'{0x0000000090c0a510}> (0x0000000090c0a510) thrown at [./src/hotspot/share/prims/jni.cpp, line 615]
Event: 3946.708 Thread 0x00000250029eb000 Exception <a 'sun/nio/fs/WindowsException'{0x0000000090c641d0}> (0x0000000090c641d0) thrown at [./src/hotspot/share/prims/jni.cpp, line 615]
Event: 3947.082 Thread 0x00000250029eb000 Exception <a 'sun/nio/fs/WindowsException'{0x0000000092ee6600}> (0x0000000092ee6600) thrown at [./src/hotspot/share/prims/jni.cpp, line 615]
Event: 3947.152 Thread 0x00000250029eb000 Exception <a 'sun/nio/fs/WindowsException'{0x0000000092759580}> (0x0000000092759580) thrown at [./src/hotspot/share/prims/jni.cpp, line 615]
Event: 3947.467 Thread 0x00000250029eb000 Exception <a 'sun/nio/fs/WindowsException'{0x000000008fdce738}> (0x000000008fdce738) thrown at [./src/hotspot/share/prims/jni.cpp, line 615]
Event: 3947.607 Thread 0x00000250029eb000 Exception <a 'sun/nio/fs/WindowsException'{0x000000008f121850}> (0x000000008f121850) thrown at [./src/hotspot/share/prims/jni.cpp, line 615]
Event: 3948.160 Thread 0x00000250029eb000 Exception <a 'sun/nio/fs/WindowsException'{0x00000000922ad100}> (0x00000000922ad100) thrown at [./src/hotspot/share/prims/jni.cpp, line 615]
Event: 3948.230 Thread 0x00000250029eb000 Exception <a 'sun/nio/fs/WindowsException'{0x0000000091b92a98}> (0x0000000091b92a98) thrown at [./src/hotspot/share/prims/jni.cpp, line 615]
Event: 3948.290 Thread 0x00000250029eb000 Exception <a 'sun/nio/fs/WindowsException'{0x00000000914a1cf0}> (0x00000000914a1cf0) thrown at [./src/hotspot/share/prims/jni.cpp, line 615]
Event: 3956.495 Thread 0x00000250029ed800 Implicit null exception at 0x0000025070441fef to 0x000002507044212c
Event: 3957.911 Thread 0x00000250029ed800 Exception <a 'sun/nio/fs/WindowsException'{0x0000000096bc5268}> (0x0000000096bc5268) thrown at [./src/hotspot/share/prims/jni.cpp, line 615]
Event: 3958.310 Thread 0x00000250029eb000 Exception <a 'sun/nio/fs/WindowsException'{0x00000000962f0d20}> (0x00000000962f0d20) thrown at [./src/hotspot/share/prims/jni.cpp, line 615]
Event: 3958.770 Thread 0x00000250029f3000 Exception <a 'sun/nio/fs/WindowsException'{0x0000000092ac0f70}> (0x0000000092ac0f70) thrown at [./src/hotspot/share/prims/jni.cpp, line 615]
Event: 3959.086 Thread 0x00000250029eb000 Exception <a 'sun/nio/fs/WindowsException'{0x000000008fa84ed8}> (0x000000008fa84ed8) thrown at [./src/hotspot/share/prims/jni.cpp, line 615]
Event: 3959.437 Thread 0x00000250029eb000 Exception <a 'sun/nio/fs/WindowsException'{0x00000000974a2a78}> (0x00000000974a2a78) thrown at [./src/hotspot/share/prims/jni.cpp, line 615]
Event: 3959.482 Thread 0x00000250029eb000 Exception <a 'sun/nio/fs/WindowsException'{0x0000000096de35b0}> (0x0000000096de35b0) thrown at [./src/hotspot/share/prims/jni.cpp, line 615]
Event: 3959.741 Thread 0x00000250029eb000 Exception <a 'sun/nio/fs/WindowsException'{0x00000000955d6a98}> (0x00000000955d6a98) thrown at [./src/hotspot/share/prims/jni.cpp, line 615]

Events (20 events):
Event: 3958.237 Executing VM operation: CGC_Operation done
Event: 3958.360 loading class com/android/tools/r8/internal/vr1
Event: 3958.360 loading class com/android/tools/r8/internal/vr1 done
Event: 3958.489 loading class com/android/tools/r8/internal/pe1
Event: 3958.489 loading class com/android/tools/r8/internal/pe1 done
Event: 3958.668 Executing VM operation: CGC_Operation
Event: 3958.669 Executing VM operation: CGC_Operation done
Event: 3958.984 loading class com/android/tools/r8/internal/j0
Event: 3958.984 loading class com/android/tools/r8/internal/j0 done
Event: 3959.264 Executing VM operation: G1CollectForAllocation
Event: 3959.329 Executing VM operation: G1CollectForAllocation done
Event: 3959.351 Executing VM operation: G1CollectForAllocation
Event: 3959.421 Executing VM operation: G1CollectForAllocation done
Event: 3960.418 Executing VM operation: G1CollectForAllocation
Event: 3960.551 Executing VM operation: G1CollectForAllocation done
Event: 3961.354 Executing VM operation: CGC_Operation
Event: 3961.413 Executing VM operation: CGC_Operation done
Event: 3961.840 Executing VM operation: CGC_Operation
Event: 3961.841 Executing VM operation: CGC_Operation done
Event: 3961.893 Executing VM operation: G1CollectForAllocation


Dynamic libraries:
0x00007ff778d30000 - 0x00007ff778d3a000 	D:\Alondra\programs\Android Studio\jre\bin\java.exe
0x00007ff997b60000 - 0x00007ff997d21000 	C:\Windows\SYSTEM32\ntdll.dll
0x00007ff9954e0000 - 0x00007ff99558d000 	C:\Windows\system32\KERNEL32.DLL
0x00007ff994500000 - 0x00007ff9946e8000 	C:\Windows\system32\KERNELBASE.dll
0x00007ff992970000 - 0x00007ff9929e9000 	C:\Windows\system32\apphelp.dll
0x00007ff97a2e0000 - 0x00007ff97a2f9000 	D:\Alondra\programs\Android Studio\jre\bin\jli.dll
0x00007ff97a050000 - 0x00007ff97a067000 	D:\Alondra\programs\Android Studio\jre\bin\VCRUNTIME140.dll
0x00007ff993310000 - 0x00007ff993404000 	C:\Windows\SYSTEM32\ucrtbase.dll
0x00007ff995c30000 - 0x00007ff995d86000 	C:\Windows\system32\USER32.dll
0x00007ff995920000 - 0x00007ff995aa6000 	C:\Windows\system32\GDI32.dll
0x00007ff97f840000 - 0x00007ff97fab4000 	C:\Windows\WinSxS\amd64_microsoft.windows.common-controls_6595b64144ccf1df_6.0.10586.0_none_8c15ae12515e1c22\COMCTL32.dll
0x00007ff9976b0000 - 0x00007ff99774d000 	C:\Windows\system32\msvcrt.dll
0x00007ff995590000 - 0x00007ff99580d000 	C:\Windows\system32\combase.dll
0x00007ff995b10000 - 0x00007ff995c2c000 	C:\Windows\system32\RPCRT4.dll
0x00007ff994210000 - 0x00007ff99427a000 	C:\Windows\system32\bcryptPrimitives.dll
0x00007ff995e60000 - 0x00007ff995e9b000 	C:\Windows\system32\IMM32.DLL
0x00007ff970f20000 - 0x00007ff970fbd000 	D:\Alondra\programs\Android Studio\jre\bin\msvcp140.dll
0x00007ff967d70000 - 0x00007ff968845000 	D:\Alondra\programs\Android Studio\jre\bin\server\jvm.dll
0x00007ff9975a0000 - 0x00007ff997647000 	C:\Windows\system32\ADVAPI32.dll
0x00007ff995d90000 - 0x00007ff995deb000 	C:\Windows\system32\sechost.dll
0x00007ff997580000 - 0x00007ff997588000 	C:\Windows\system32\PSAPI.DLL
0x00007ff984810000 - 0x00007ff984819000 	C:\Windows\SYSTEM32\WSOCK32.dll
0x00007ff9834d0000 - 0x00007ff9834da000 	C:\Windows\SYSTEM32\VERSION.dll
0x00007ff9925c0000 - 0x00007ff9925e3000 	C:\Windows\SYSTEM32\WINMM.dll
0x00007ff9974b0000 - 0x00007ff99751b000 	C:\Windows\system32\WS2_32.dll
0x0000025061de0000 - 0x0000025061e0c000 	C:\Windows\SYSTEM32\WINMMBASE.dll
0x00007ff9946f0000 - 0x00007ff994733000 	C:\Windows\system32\cfgmgr32.dll
0x00007ff994200000 - 0x00007ff99420f000 	C:\Windows\system32\kernel.appcore.dll
0x00007ff98af90000 - 0x00007ff98afa1000 	D:\Alondra\programs\Android Studio\jre\bin\verify.dll
0x00007ff991a70000 - 0x00007ff991bfc000 	C:\Windows\SYSTEM32\DBGHELP.DLL
0x00007ff96d060000 - 0x00007ff96d085000 	C:\Windows\SYSTEM32\dbgcore.DLL
0x00007ff986850000 - 0x00007ff986879000 	D:\Alondra\programs\Android Studio\jre\bin\java.dll
0x00007ff990b30000 - 0x00007ff990b3b000 	D:\Alondra\programs\Android Studio\jre\bin\jimage.dll
0x00007ff98af70000 - 0x00007ff98af88000 	D:\Alondra\programs\Android Studio\jre\bin\zip.dll
0x00007ff995ea0000 - 0x00007ff9973ff000 	C:\Windows\system32\SHELL32.dll
0x00007ff9947d0000 - 0x00007ff994e14000 	C:\Windows\system32\windows.storage.dll
0x00007ff995ab0000 - 0x00007ff995b02000 	C:\Windows\system32\shlwapi.dll
0x00007ff994e40000 - 0x00007ff994ef5000 	C:\Windows\system32\shcore.dll
0x00007ff9941a0000 - 0x00007ff9941eb000 	C:\Windows\system32\powrprof.dll
0x00007ff994180000 - 0x00007ff994194000 	C:\Windows\system32\profapi.dll
0x00007ff98add0000 - 0x00007ff98adea000 	D:\Alondra\programs\Android Studio\jre\bin\net.dll
0x00007ff98cdd0000 - 0x00007ff98ce98000 	C:\Windows\SYSTEM32\WINHTTP.dll
0x00007ff993a50000 - 0x00007ff993aac000 	C:\Windows\system32\mswsock.dll
0x00007ff986830000 - 0x00007ff986844000 	D:\Alondra\programs\Android Studio\jre\bin\nio.dll
0x00007ff97b360000 - 0x00007ff97b387000 	D:\Alondra\AndroidStudioProjects\native\e1d6ef7f7dcc3fd88c89a11ec53ec762bb8ba0a96d01ffa2cd45eb1d1d8dd5c5\windows-amd64\native-platform.dll
0x00007ff990910000 - 0x00007ff99091a000 	D:\Alondra\programs\Android Studio\jre\bin\management.dll
0x00007ff9906b0000 - 0x00007ff9906bd000 	D:\Alondra\programs\Android Studio\jre\bin\management_ext.dll
0x00007ff993b00000 - 0x00007ff993b17000 	C:\Windows\SYSTEM32\CRYPTSP.dll
0x00007ff993790000 - 0x00007ff9937c4000 	C:\Windows\system32\rsaenh.dll
0x00007ff9940c0000 - 0x00007ff9940e9000 	C:\Windows\SYSTEM32\bcrypt.dll
0x00007ff9938e0000 - 0x00007ff9938ff000 	C:\Windows\SYSTEM32\USERENV.dll
0x00007ff993c20000 - 0x00007ff993c2b000 	C:\Windows\SYSTEM32\CRYPTBASE.dll
0x00007ff98b090000 - 0x00007ff98b0c8000 	C:\Windows\SYSTEM32\IPHLPAPI.DLL
0x00007ff997590000 - 0x00007ff997598000 	C:\Windows\system32\NSI.dll
0x00007ff98a930000 - 0x00007ff98a946000 	C:\Windows\SYSTEM32\dhcpcsvc6.DLL
0x00007ff98a8c0000 - 0x00007ff98a8da000 	C:\Windows\SYSTEM32\dhcpcsvc.DLL
0x00007ff97b7b0000 - 0x00007ff97b7d7000 	D:\Alondra\programs\Android Studio\jre\bin\sunec.dll
0x00007ff992bf0000 - 0x00007ff992c9a000 	C:\Windows\SYSTEM32\DNSAPI.dll
0x00007ff984b30000 - 0x00007ff984b3a000 	C:\Windows\System32\rasadhlp.dll
0x00007ff98ace0000 - 0x00007ff98ad47000 	C:\Windows\System32\fwpuclnt.dll
0x00007ff993670000 - 0x00007ff9936a1000 	C:\Windows\SYSTEM32\ntmarta.dll
0x00007ff9812e0000 - 0x00007ff98137c000 	C:\Windows\SYSTEM32\efswrt.dll
0x00007ff997770000 - 0x00007ff997831000 	C:\Windows\system32\OLEAUT32.dll
0x00007ff990db0000 - 0x00007ff990ee6000 	C:\Windows\SYSTEM32\wintypes.dll
0x00007ff97fd50000 - 0x00007ff97fda0000 	C:\Windows\SYSTEM32\edputil.dll

dbghelp: loaded successfully - version: 4.0.5 - missing functions: none
symbol engine: initialized successfully - sym options: 0x614 - pdb path: .;D:\Alondra\programs\Android Studio\jre\bin;C:\Windows\SYSTEM32;C:\Windows\WinSxS\amd64_microsoft.windows.common-controls_6595b64144ccf1df_6.0.10586.0_none_8c15ae12515e1c22;D:\Alondra\programs\Android Studio\jre\bin\server;D:\Alondra\AndroidStudioProjects\native\e1d6ef7f7dcc3fd88c89a11ec53ec762bb8ba0a96d01ffa2cd45eb1d1d8dd5c5\windows-amd64

VM Arguments:
jvm_args: --add-opens=java.base/java.util=ALL-UNNAMED --add-opens=java.base/java.lang=ALL-UNNAMED --add-opens=java.base/java.lang.invoke=ALL-UNNAMED --add-opens=java.base/java.util=ALL-UNNAMED --add-opens=java.prefs/java.util.prefs=ALL-UNNAMED --add-opens=java.prefs/java.util.prefs=ALL-UNNAMED --add-opens=java.base/java.nio.charset=ALL-UNNAMED --add-opens=java.base/java.net=ALL-UNNAMED --add-opens=java.base/java.util.concurrent.atomic=ALL-UNNAMED -Xmx2048m -Dfile.encoding=UTF-8 -Duser.country=419 -Duser.language=es -Duser.variant 
java_command: org.gradle.launcher.daemon.bootstrap.GradleDaemon 7.2
java_class_path (initial): D:\Alondra\AndroidStudioProjects\wrapper\dists\gradle-7.2-bin\2dnblmf4td7x66yl1d74lt32g\gradle-7.2\lib\gradle-launcher-7.2.jar
Launcher Type: SUN_STANDARD

[Global flags]
     intx CICompilerCount                          = 3                                         {product} {ergonomic}
     uint ConcGCThreads                            = 1                                         {product} {ergonomic}
     uint G1ConcRefinementThreads                  = 4                                         {product} {ergonomic}
   size_t G1HeapRegionSize                         = 1048576                                   {product} {ergonomic}
    uintx GCDrainStackTargetSize                   = 64                                        {product} {ergonomic}
   size_t InitialHeapSize                          = 65011712                                  {product} {ergonomic}
   size_t MarkStackSize                            = 4194304                                   {product} {ergonomic}
   size_t MaxHeapSize                              = 2147483648                                {product} {command line}
   size_t MaxNewSize                               = 1287651328                                {product} {ergonomic}
   size_t MinHeapDeltaBytes                        = 1048576                                   {product} {ergonomic}
    uintx NonNMethodCodeHeapSize                   = 5830732                                {pd product} {ergonomic}
    uintx NonProfiledCodeHeapSize                  = 122913754                              {pd product} {ergonomic}
    uintx ProfiledCodeHeapSize                     = 122913754                              {pd product} {ergonomic}
    uintx ReservedCodeCacheSize                    = 251658240                              {pd product} {ergonomic}
     bool SegmentedCodeCache                       = true                                      {product} {ergonomic}
     bool UseCompressedClassPointers               = true                                 {lp64_product} {ergonomic}
     bool UseCompressedOops                        = true                                 {lp64_product} {ergonomic}
     bool UseG1GC                                  = true                                      {product} {ergonomic}
     bool UseLargePagesIndividualAllocation        = false                                  {pd product} {ergonomic}

Logging:
Log output configuration:
 #0: stdout all=warning uptime,level,tags
 #1: stderr all=off uptime,level,tags

Environment Variables:
JAVA_HOME=D:\Alondra\programs\java\jdk1.8.0_281
PATH=D:\Alondra\programs\python39\Scripts\;D:\Alondra\programs\python39\;C:\Python39\Scripts\;C:\Python39\;C:\Program Files (x86)\Common Files\Oracle\Java\javapath;C:\Windows\system32;C:\Windows;C:\Windows\System32\Wbem;C:\Windows\System32\WindowsPowerShell\v1.0\;C:\Users\Alondra\AppData\Local\Programs\Python\Python39;C:\Users\Alondra\AppData\Local\Programs\Python\Python39\Scripts;C:\Program Files\dotnet\;D:\Alondra\programs\Brackets\command;D:\Alondra\programs\java\jdk1.8.0_281\bin;D:\Alondra\programs\nodejs\;C:\ProgramData\chocolatey\bin;D:\Alondra\programs\Git\cmd;D:\Alondra\programs\PuTTY\;C:\Users\Alondra\AppData\Roaming\Python\Python39\Scripts;C:\Users\Alondra\AppData\Roaming\Python\Python39;D:\Alondra\programs\PostgreSQL\13\bin;D:\Alondra\7° SEMESTRE\4.Lenguajes y Automatas ll\javacc-javacc-7.0.10\scripts;D:\Alondra\7° SEMESTRE\4.Lenguajes y Automatas ll\javacc-javacc-7.0.10\bin;D:\Alondra\programs\XAMPP\php;D:\Alondra\programs\ComposerSetup;D:\Alondra\programs\Pyhon\Scripts\;D:\Alondra\programs\Pyhon\;D:\Alondra\programs\Microsoft VS Code\bin;D:\Alondra\descargas D\curl_7_53_1_openssl_nghttp2_x64;C:\Users\Alondra\.dotnet\tools;C:\Users\Alondra\AppData\Roaming\npm;D:\Alondra\programs\Nmap;C:\Users\Alondra\AppData\Roaming\Composer\vendor\bin
USERNAME=Alondra
OS=Windows_NT
PROCESSOR_IDENTIFIER=Intel64 Family 6 Model 92 Stepping 9, GenuineIntel



---------------  S Y S T E M  ---------------

OS: Windows 10 , 64 bit Build 10586 (10.0.10586.0)
OS uptime: 0 days 16:36 hours

CPU:total 4 (initial active 4) (4 cores per cpu, 1 threads per core) family 6 model 92 stepping 9 microcode 0x2a, cmov, cx8, fxsr, mmx, sse, sse2, sse3, ssse3, sse4.1, sse4.2, popcnt, aes, clmul, erms, 3dnowpref, tsc, tscinvbit, sha

Memory: 4k page, system-wide physical 3928M (214M free)
TotalPageFile size 5302M (AvailPageFile size 73M)
current process WorkingSet (physical memory assigned to process): 660M, peak: 672M
current process commit charge ("private bytes"): 888M, peak: 1152M

vm_info: OpenJDK 64-Bit Server VM (11.0.11+9-b60-7590822) for windows-amd64 JRE (11.0.11+9-b60-7590822), built on Jul 29 2021 21:43:44 by "builder" with MS VC++ 14.0 (VS2015)

END.
